The system is: Linux - 4.14.0-115.32.1.el7a.ppc64le - ppc64le
Compiling the C compiler identification source file "CMakeCCompilerId.c" succeeded.
Compiler: /projects/opt/ppc64le/p9/gcc/9.4.0/bin/gcc 
Build flags: 
Id flags:  

The output was:
0


Compilation of the C compiler identification source "CMakeCCompilerId.c" produced "a.out"

The C compiler identification is GNU, found in "/vast/home/stevenw/WKE/CMakeFiles/3.19.2/CompilerIdC/a.out"

Compiling the CXX compiler identification source file "CMakeCXXCompilerId.cpp" succeeded.
Compiler: /projects/opt/ppc64le/p9/gcc/9.4.0/bin/g++ 
Build flags: 
Id flags:  

The output was:
0


Compilation of the CXX compiler identification source "CMakeCXXCompilerId.cpp" produced "a.out"

The CXX compiler identification is GNU, found in "/vast/home/stevenw/WKE/CMakeFiles/3.19.2/CompilerIdCXX/a.out"

Detecting C compiler ABI info compiled with the following output:
Change Dir: /vast/home/stevenw/WKE/CMakeFiles/CMakeTmp

Run Build Command(s):/usr/bin/gmake cmTC_79a3c/fast && /usr/bin/gmake  -f CMakeFiles/cmTC_79a3c.dir/build.make CMakeFiles/cmTC_79a3c.dir/build
gmake[1]: Entering directory `/vast/home/stevenw/WKE/CMakeFiles/CMakeTmp'
Building C object CMakeFiles/cmTC_79a3c.dir/CMakeCCompilerABI.c.o
/projects/opt/ppc64le/p9/gcc/9.4.0/bin/gcc   -v -o CMakeFiles/cmTC_79a3c.dir/CMakeCCompilerABI.c.o -c /projects/opt/rhel7/ppc64le/cmake/3.19.2/share/cmake-3.19/Modules/CMakeCCompilerABI.c
Using built-in specs.
COLLECT_GCC=/projects/opt/ppc64le/p9/gcc/9.4.0/bin/gcc
Target: powerpc64le-unknown-linux-gnu
Configured with: ../gcc-9.4.0/configure --disable-bootstrap --disable-multilib --enable-languages=c,c++,fortran,lto --prefix=/projects/opt/ppc64le/p9/gcc/9.4.0
Thread model: posix
gcc version 9.4.0 (GCC) 
COLLECT_GCC_OPTIONS='-v' '-o' 'CMakeFiles/cmTC_79a3c.dir/CMakeCCompilerABI.c.o' '-c'
 /projects/opt/ppc64le/p9/gcc/9.4.0/libexec/gcc/powerpc64le-unknown-linux-gnu/9.4.0/cc1 -quiet -v /projects/opt/rhel7/ppc64le/cmake/3.19.2/share/cmake-3.19/Modules/CMakeCCompilerABI.c -quiet -dumpbase CMakeCCompilerABI.c -auxbase-strip CMakeFiles/cmTC_79a3c.dir/CMakeCCompilerABI.c.o -version -o /tmp/cc4B98Ea.s
GNU C17 (GCC) version 9.4.0 (powerpc64le-unknown-linux-gnu)
	compiled by GNU C version 4.8.5 20150623 (Red Hat 4.8.5-44), GMP version 6.1.0, MPFR version 3.1.4, MPC version 1.0.3, isl version isl-0.18-GMP

GGC heuristics: --param ggc-min-expand=100 --param ggc-min-heapsize=131072
ignoring nonexistent directory "/projects/opt/ppc64le/p9/gcc/9.4.0/lib/gcc/powerpc64le-unknown-linux-gnu/9.4.0/../../../../powerpc64le-unknown-linux-gnu/include"
#include "..." search starts here:
#include <...> search starts here:
 /projects/opt/ppc64le/p9/gcc/9.4.0/lib/gcc/powerpc64le-unknown-linux-gnu/9.4.0/include
 /usr/local/include
 /projects/opt/ppc64le/p9/gcc/9.4.0/include
 /projects/opt/ppc64le/p9/gcc/9.4.0/lib/gcc/powerpc64le-unknown-linux-gnu/9.4.0/include-fixed
 /usr/include
End of search list.
GNU C17 (GCC) version 9.4.0 (powerpc64le-unknown-linux-gnu)
	compiled by GNU C version 4.8.5 20150623 (Red Hat 4.8.5-44), GMP version 6.1.0, MPFR version 3.1.4, MPC version 1.0.3, isl version isl-0.18-GMP

GGC heuristics: --param ggc-min-expand=100 --param ggc-min-heapsize=131072
Compiler executable checksum: 32d6adbb312ac625702890b8d2e037fc
COLLECT_GCC_OPTIONS='-v' '-o' 'CMakeFiles/cmTC_79a3c.dir/CMakeCCompilerABI.c.o' '-c'
 as -v -a64 -mppc64 -many -mlittle -o CMakeFiles/cmTC_79a3c.dir/CMakeCCompilerABI.c.o /tmp/cc4B98Ea.s
GNU assembler version 2.27 (ppc64le-redhat-linux) using BFD version version 2.27-44.base.el7
COMPILER_PATH=/projects/opt/ppc64le/p9/gcc/9.4.0/libexec/gcc/powerpc64le-unknown-linux-gnu/9.4.0/:/projects/opt/ppc64le/p9/gcc/9.4.0/libexec/gcc/powerpc64le-unknown-linux-gnu/9.4.0/:/projects/opt/ppc64le/p9/gcc/9.4.0/libexec/gcc/powerpc64le-unknown-linux-gnu/:/projects/opt/ppc64le/p9/gcc/9.4.0/lib/gcc/powerpc64le-unknown-linux-gnu/9.4.0/:/projects/opt/ppc64le/p9/gcc/9.4.0/lib/gcc/powerpc64le-unknown-linux-gnu/
LIBRARY_PATH=/projects/opt/ppc64le/p9/gcc/9.4.0/lib/gcc/powerpc64le-unknown-linux-gnu/9.4.0/:/projects/opt/ppc64le/p9/gcc/9.4.0/lib/gcc/powerpc64le-unknown-linux-gnu/9.4.0/../../../../lib64/:/lib/../lib64/:/usr/lib/../lib64/:/projects/opt/ppc64le/p9/gcc/9.4.0/lib/gcc/powerpc64le-unknown-linux-gnu/9.4.0/../../../:/lib/:/usr/lib/
COLLECT_GCC_OPTIONS='-v' '-o' 'CMakeFiles/cmTC_79a3c.dir/CMakeCCompilerABI.c.o' '-c'
Linking C executable cmTC_79a3c
/projects/opt/rhel7/ppc64le/cmake/3.19.2/bin/cmake -E cmake_link_script CMakeFiles/cmTC_79a3c.dir/link.txt --verbose=1
/projects/opt/ppc64le/p9/gcc/9.4.0/bin/gcc  -v CMakeFiles/cmTC_79a3c.dir/CMakeCCompilerABI.c.o -o cmTC_79a3c 
Using built-in specs.
COLLECT_GCC=/projects/opt/ppc64le/p9/gcc/9.4.0/bin/gcc
COLLECT_LTO_WRAPPER=/projects/opt/ppc64le/p9/gcc/9.4.0/libexec/gcc/powerpc64le-unknown-linux-gnu/9.4.0/lto-wrapper
Target: powerpc64le-unknown-linux-gnu
Configured with: ../gcc-9.4.0/configure --disable-bootstrap --disable-multilib --enable-languages=c,c++,fortran,lto --prefix=/projects/opt/ppc64le/p9/gcc/9.4.0
Thread model: posix
gcc version 9.4.0 (GCC) 
COMPILER_PATH=/projects/opt/ppc64le/p9/gcc/9.4.0/libexec/gcc/powerpc64le-unknown-linux-gnu/9.4.0/:/projects/opt/ppc64le/p9/gcc/9.4.0/libexec/gcc/powerpc64le-unknown-linux-gnu/9.4.0/:/projects/opt/ppc64le/p9/gcc/9.4.0/libexec/gcc/powerpc64le-unknown-linux-gnu/:/projects/opt/ppc64le/p9/gcc/9.4.0/lib/gcc/powerpc64le-unknown-linux-gnu/9.4.0/:/projects/opt/ppc64le/p9/gcc/9.4.0/lib/gcc/powerpc64le-unknown-linux-gnu/
LIBRARY_PATH=/projects/opt/ppc64le/p9/gcc/9.4.0/lib/gcc/powerpc64le-unknown-linux-gnu/9.4.0/:/projects/opt/ppc64le/p9/gcc/9.4.0/lib/gcc/powerpc64le-unknown-linux-gnu/9.4.0/../../../../lib64/:/lib/../lib64/:/usr/lib/../lib64/:/projects/opt/ppc64le/p9/gcc/9.4.0/lib/gcc/powerpc64le-unknown-linux-gnu/9.4.0/../../../:/lib/:/usr/lib/
COLLECT_GCC_OPTIONS='-v' '-o' 'cmTC_79a3c'
 /projects/opt/ppc64le/p9/gcc/9.4.0/libexec/gcc/powerpc64le-unknown-linux-gnu/9.4.0/collect2 -plugin /projects/opt/ppc64le/p9/gcc/9.4.0/libexec/gcc/powerpc64le-unknown-linux-gnu/9.4.0/liblto_plugin.so -plugin-opt=/projects/opt/ppc64le/p9/gcc/9.4.0/libexec/gcc/powerpc64le-unknown-linux-gnu/9.4.0/lto-wrapper -plugin-opt=-fresolution=/tmp/ccz0XSic.res -plugin-opt=-pass-through=-lgcc -plugin-opt=-pass-through=-lgcc_s -plugin-opt=-pass-through=-lc -plugin-opt=-pass-through=-lgcc -plugin-opt=-pass-through=-lgcc_s --eh-frame-hdr -V -m elf64lppc -dynamic-linker /lib64/ld64.so.2 -o cmTC_79a3c /lib/../lib64/crt1.o /lib/../lib64/crti.o /projects/opt/ppc64le/p9/gcc/9.4.0/lib/gcc/powerpc64le-unknown-linux-gnu/9.4.0/crtbegin.o -L/projects/opt/ppc64le/p9/gcc/9.4.0/lib/gcc/powerpc64le-unknown-linux-gnu/9.4.0 -L/projects/opt/ppc64le/p9/gcc/9.4.0/lib/gcc/powerpc64le-unknown-linux-gnu/9.4.0/../../../../lib64 -L/lib/../lib64 -L/usr/lib/../lib64 -L/projects/opt/ppc64le/p9/gcc/9.4.0/lib/gcc/powerpc64le-unknown-linux-gnu/9.4.0/../../.. CMakeFiles/cmTC_79a3c.dir/CMakeCCompilerABI.c.o -lgcc --as-needed -lgcc_s --no-as-needed -lc -lgcc --as-needed -lgcc_s --no-as-needed /projects/opt/ppc64le/p9/gcc/9.4.0/lib/gcc/powerpc64le-unknown-linux-gnu/9.4.0/crtend.o /lib/../lib64/crtn.o
GNU ld version 2.27-44.base.el7
  Supported emulations:
   elf64lppc
   elf32ppc
   elf32ppclinux
   elf32ppcsim
   elf32lppc
   elf32lppclinux
   elf32lppcsim
   elf64ppc
COLLECT_GCC_OPTIONS='-v' '-o' 'cmTC_79a3c'
gmake[1]: Leaving directory `/vast/home/stevenw/WKE/CMakeFiles/CMakeTmp'



Parsed C implicit include dir info from above output: rv=done
  found start of include info
  found start of implicit include info
    add: [/projects/opt/ppc64le/p9/gcc/9.4.0/lib/gcc/powerpc64le-unknown-linux-gnu/9.4.0/include]
    add: [/usr/local/include]
    add: [/projects/opt/ppc64le/p9/gcc/9.4.0/include]
    add: [/projects/opt/ppc64le/p9/gcc/9.4.0/lib/gcc/powerpc64le-unknown-linux-gnu/9.4.0/include-fixed]
    add: [/usr/include]
  end of search list found
  collapse include dir [/projects/opt/ppc64le/p9/gcc/9.4.0/lib/gcc/powerpc64le-unknown-linux-gnu/9.4.0/include] ==> [/projects/opt/ppc64le/p9/gcc/9.4.0/lib/gcc/powerpc64le-unknown-linux-gnu/9.4.0/include]
  collapse include dir [/usr/local/include] ==> [/usr/local/include]
  collapse include dir [/projects/opt/ppc64le/p9/gcc/9.4.0/include] ==> [/projects/opt/ppc64le/p9/gcc/9.4.0/include]
  collapse include dir [/projects/opt/ppc64le/p9/gcc/9.4.0/lib/gcc/powerpc64le-unknown-linux-gnu/9.4.0/include-fixed] ==> [/projects/opt/ppc64le/p9/gcc/9.4.0/lib/gcc/powerpc64le-unknown-linux-gnu/9.4.0/include-fixed]
  collapse include dir [/usr/include] ==> [/usr/include]
  implicit include dirs: [/projects/opt/ppc64le/p9/gcc/9.4.0/lib/gcc/powerpc64le-unknown-linux-gnu/9.4.0/include;/usr/local/include;/projects/opt/ppc64le/p9/gcc/9.4.0/include;/projects/opt/ppc64le/p9/gcc/9.4.0/lib/gcc/powerpc64le-unknown-linux-gnu/9.4.0/include-fixed;/usr/include]


Parsed C implicit link information from above output:
  link line regex: [^( *|.*[/\])(ld|CMAKE_LINK_STARTFILE-NOTFOUND|([^/\]+-)?ld|collect2)[^/\]*( |$)]
  ignore line: [Change Dir: /vast/home/stevenw/WKE/CMakeFiles/CMakeTmp]
  ignore line: []
  ignore line: [Run Build Command(s):/usr/bin/gmake cmTC_79a3c/fast && /usr/bin/gmake  -f CMakeFiles/cmTC_79a3c.dir/build.make CMakeFiles/cmTC_79a3c.dir/build]
  ignore line: [gmake[1]: Entering directory `/vast/home/stevenw/WKE/CMakeFiles/CMakeTmp']
  ignore line: [Building C object CMakeFiles/cmTC_79a3c.dir/CMakeCCompilerABI.c.o]
  ignore line: [/projects/opt/ppc64le/p9/gcc/9.4.0/bin/gcc   -v -o CMakeFiles/cmTC_79a3c.dir/CMakeCCompilerABI.c.o -c /projects/opt/rhel7/ppc64le/cmake/3.19.2/share/cmake-3.19/Modules/CMakeCCompilerABI.c]
  ignore line: [Using built-in specs.]
  ignore line: [COLLECT_GCC=/projects/opt/ppc64le/p9/gcc/9.4.0/bin/gcc]
  ignore line: [Target: powerpc64le-unknown-linux-gnu]
  ignore line: [Configured with: ../gcc-9.4.0/configure --disable-bootstrap --disable-multilib --enable-languages=c c++ fortran lto --prefix=/projects/opt/ppc64le/p9/gcc/9.4.0]
  ignore line: [Thread model: posix]
  ignore line: [gcc version 9.4.0 (GCC) ]
  ignore line: [COLLECT_GCC_OPTIONS='-v' '-o' 'CMakeFiles/cmTC_79a3c.dir/CMakeCCompilerABI.c.o' '-c']
  ignore line: [ /projects/opt/ppc64le/p9/gcc/9.4.0/libexec/gcc/powerpc64le-unknown-linux-gnu/9.4.0/cc1 -quiet -v /projects/opt/rhel7/ppc64le/cmake/3.19.2/share/cmake-3.19/Modules/CMakeCCompilerABI.c -quiet -dumpbase CMakeCCompilerABI.c -auxbase-strip CMakeFiles/cmTC_79a3c.dir/CMakeCCompilerABI.c.o -version -o /tmp/cc4B98Ea.s]
  ignore line: [GNU C17 (GCC) version 9.4.0 (powerpc64le-unknown-linux-gnu)]
  ignore line: [	compiled by GNU C version 4.8.5 20150623 (Red Hat 4.8.5-44)  GMP version 6.1.0  MPFR version 3.1.4  MPC version 1.0.3  isl version isl-0.18-GMP]
  ignore line: []
  ignore line: [GGC heuristics: --param ggc-min-expand=100 --param ggc-min-heapsize=131072]
  ignore line: [ignoring nonexistent directory "/projects/opt/ppc64le/p9/gcc/9.4.0/lib/gcc/powerpc64le-unknown-linux-gnu/9.4.0/../../../../powerpc64le-unknown-linux-gnu/include"]
  ignore line: [#include "..." search starts here:]
  ignore line: [#include <...> search starts here:]
  ignore line: [ /projects/opt/ppc64le/p9/gcc/9.4.0/lib/gcc/powerpc64le-unknown-linux-gnu/9.4.0/include]
  ignore line: [ /usr/local/include]
  ignore line: [ /projects/opt/ppc64le/p9/gcc/9.4.0/include]
  ignore line: [ /projects/opt/ppc64le/p9/gcc/9.4.0/lib/gcc/powerpc64le-unknown-linux-gnu/9.4.0/include-fixed]
  ignore line: [ /usr/include]
  ignore line: [End of search list.]
  ignore line: [GNU C17 (GCC) version 9.4.0 (powerpc64le-unknown-linux-gnu)]
  ignore line: [	compiled by GNU C version 4.8.5 20150623 (Red Hat 4.8.5-44)  GMP version 6.1.0  MPFR version 3.1.4  MPC version 1.0.3  isl version isl-0.18-GMP]
  ignore line: []
  ignore line: [GGC heuristics: --param ggc-min-expand=100 --param ggc-min-heapsize=131072]
  ignore line: [Compiler executable checksum: 32d6adbb312ac625702890b8d2e037fc]
  ignore line: [COLLECT_GCC_OPTIONS='-v' '-o' 'CMakeFiles/cmTC_79a3c.dir/CMakeCCompilerABI.c.o' '-c']
  ignore line: [ as -v -a64 -mppc64 -many -mlittle -o CMakeFiles/cmTC_79a3c.dir/CMakeCCompilerABI.c.o /tmp/cc4B98Ea.s]
  ignore line: [GNU assembler version 2.27 (ppc64le-redhat-linux) using BFD version version 2.27-44.base.el7]
  ignore line: [COMPILER_PATH=/projects/opt/ppc64le/p9/gcc/9.4.0/libexec/gcc/powerpc64le-unknown-linux-gnu/9.4.0/:/projects/opt/ppc64le/p9/gcc/9.4.0/libexec/gcc/powerpc64le-unknown-linux-gnu/9.4.0/:/projects/opt/ppc64le/p9/gcc/9.4.0/libexec/gcc/powerpc64le-unknown-linux-gnu/:/projects/opt/ppc64le/p9/gcc/9.4.0/lib/gcc/powerpc64le-unknown-linux-gnu/9.4.0/:/projects/opt/ppc64le/p9/gcc/9.4.0/lib/gcc/powerpc64le-unknown-linux-gnu/]
  ignore line: [LIBRARY_PATH=/projects/opt/ppc64le/p9/gcc/9.4.0/lib/gcc/powerpc64le-unknown-linux-gnu/9.4.0/:/projects/opt/ppc64le/p9/gcc/9.4.0/lib/gcc/powerpc64le-unknown-linux-gnu/9.4.0/../../../../lib64/:/lib/../lib64/:/usr/lib/../lib64/:/projects/opt/ppc64le/p9/gcc/9.4.0/lib/gcc/powerpc64le-unknown-linux-gnu/9.4.0/../../../:/lib/:/usr/lib/]
  ignore line: [COLLECT_GCC_OPTIONS='-v' '-o' 'CMakeFiles/cmTC_79a3c.dir/CMakeCCompilerABI.c.o' '-c']
  ignore line: [Linking C executable cmTC_79a3c]
  ignore line: [/projects/opt/rhel7/ppc64le/cmake/3.19.2/bin/cmake -E cmake_link_script CMakeFiles/cmTC_79a3c.dir/link.txt --verbose=1]
  ignore line: [/projects/opt/ppc64le/p9/gcc/9.4.0/bin/gcc  -v CMakeFiles/cmTC_79a3c.dir/CMakeCCompilerABI.c.o -o cmTC_79a3c ]
  ignore line: [Using built-in specs.]
  ignore line: [COLLECT_GCC=/projects/opt/ppc64le/p9/gcc/9.4.0/bin/gcc]
  ignore line: [COLLECT_LTO_WRAPPER=/projects/opt/ppc64le/p9/gcc/9.4.0/libexec/gcc/powerpc64le-unknown-linux-gnu/9.4.0/lto-wrapper]
  ignore line: [Target: powerpc64le-unknown-linux-gnu]
  ignore line: [Configured with: ../gcc-9.4.0/configure --disable-bootstrap --disable-multilib --enable-languages=c c++ fortran lto --prefix=/projects/opt/ppc64le/p9/gcc/9.4.0]
  ignore line: [Thread model: posix]
  ignore line: [gcc version 9.4.0 (GCC) ]
  ignore line: [COMPILER_PATH=/projects/opt/ppc64le/p9/gcc/9.4.0/libexec/gcc/powerpc64le-unknown-linux-gnu/9.4.0/:/projects/opt/ppc64le/p9/gcc/9.4.0/libexec/gcc/powerpc64le-unknown-linux-gnu/9.4.0/:/projects/opt/ppc64le/p9/gcc/9.4.0/libexec/gcc/powerpc64le-unknown-linux-gnu/:/projects/opt/ppc64le/p9/gcc/9.4.0/lib/gcc/powerpc64le-unknown-linux-gnu/9.4.0/:/projects/opt/ppc64le/p9/gcc/9.4.0/lib/gcc/powerpc64le-unknown-linux-gnu/]
  ignore line: [LIBRARY_PATH=/projects/opt/ppc64le/p9/gcc/9.4.0/lib/gcc/powerpc64le-unknown-linux-gnu/9.4.0/:/projects/opt/ppc64le/p9/gcc/9.4.0/lib/gcc/powerpc64le-unknown-linux-gnu/9.4.0/../../../../lib64/:/lib/../lib64/:/usr/lib/../lib64/:/projects/opt/ppc64le/p9/gcc/9.4.0/lib/gcc/powerpc64le-unknown-linux-gnu/9.4.0/../../../:/lib/:/usr/lib/]
  ignore line: [COLLECT_GCC_OPTIONS='-v' '-o' 'cmTC_79a3c']
  link line: [ /projects/opt/ppc64le/p9/gcc/9.4.0/libexec/gcc/powerpc64le-unknown-linux-gnu/9.4.0/collect2 -plugin /projects/opt/ppc64le/p9/gcc/9.4.0/libexec/gcc/powerpc64le-unknown-linux-gnu/9.4.0/liblto_plugin.so -plugin-opt=/projects/opt/ppc64le/p9/gcc/9.4.0/libexec/gcc/powerpc64le-unknown-linux-gnu/9.4.0/lto-wrapper -plugin-opt=-fresolution=/tmp/ccz0XSic.res -plugin-opt=-pass-through=-lgcc -plugin-opt=-pass-through=-lgcc_s -plugin-opt=-pass-through=-lc -plugin-opt=-pass-through=-lgcc -plugin-opt=-pass-through=-lgcc_s --eh-frame-hdr -V -m elf64lppc -dynamic-linker /lib64/ld64.so.2 -o cmTC_79a3c /lib/../lib64/crt1.o /lib/../lib64/crti.o /projects/opt/ppc64le/p9/gcc/9.4.0/lib/gcc/powerpc64le-unknown-linux-gnu/9.4.0/crtbegin.o -L/projects/opt/ppc64le/p9/gcc/9.4.0/lib/gcc/powerpc64le-unknown-linux-gnu/9.4.0 -L/projects/opt/ppc64le/p9/gcc/9.4.0/lib/gcc/powerpc64le-unknown-linux-gnu/9.4.0/../../../../lib64 -L/lib/../lib64 -L/usr/lib/../lib64 -L/projects/opt/ppc64le/p9/gcc/9.4.0/lib/gcc/powerpc64le-unknown-linux-gnu/9.4.0/../../.. CMakeFiles/cmTC_79a3c.dir/CMakeCCompilerABI.c.o -lgcc --as-needed -lgcc_s --no-as-needed -lc -lgcc --as-needed -lgcc_s --no-as-needed /projects/opt/ppc64le/p9/gcc/9.4.0/lib/gcc/powerpc64le-unknown-linux-gnu/9.4.0/crtend.o /lib/../lib64/crtn.o]
    arg [/projects/opt/ppc64le/p9/gcc/9.4.0/libexec/gcc/powerpc64le-unknown-linux-gnu/9.4.0/collect2] ==> ignore
    arg [-plugin] ==> ignore
    arg [/projects/opt/ppc64le/p9/gcc/9.4.0/libexec/gcc/powerpc64le-unknown-linux-gnu/9.4.0/liblto_plugin.so] ==> ignore
    arg [-plugin-opt=/projects/opt/ppc64le/p9/gcc/9.4.0/libexec/gcc/powerpc64le-unknown-linux-gnu/9.4.0/lto-wrapper] ==> ignore
    arg [-plugin-opt=-fresolution=/tmp/ccz0XSic.res] ==> ignore
    arg [-plugin-opt=-pass-through=-lgcc] ==> ignore
    arg [-plugin-opt=-pass-through=-lgcc_s] ==> ignore
    arg [-plugin-opt=-pass-through=-lc] ==> ignore
    arg [-plugin-opt=-pass-through=-lgcc] ==> ignore
    arg [-plugin-opt=-pass-through=-lgcc_s] ==> ignore
    arg [--eh-frame-hdr] ==> ignore
    arg [-V] ==> ignore
    arg [-m] ==> ignore
    arg [elf64lppc] ==> ignore
    arg [-dynamic-linker] ==> ignore
    arg [/lib64/ld64.so.2] ==> ignore
    arg [-o] ==> ignore
    arg [cmTC_79a3c] ==> ignore
    arg [/lib/../lib64/crt1.o] ==> ignore
    arg [/lib/../lib64/crti.o] ==> ignore
    arg [/projects/opt/ppc64le/p9/gcc/9.4.0/lib/gcc/powerpc64le-unknown-linux-gnu/9.4.0/crtbegin.o] ==> ignore
    arg [-L/projects/opt/ppc64le/p9/gcc/9.4.0/lib/gcc/powerpc64le-unknown-linux-gnu/9.4.0] ==> dir [/projects/opt/ppc64le/p9/gcc/9.4.0/lib/gcc/powerpc64le-unknown-linux-gnu/9.4.0]
    arg [-L/projects/opt/ppc64le/p9/gcc/9.4.0/lib/gcc/powerpc64le-unknown-linux-gnu/9.4.0/../../../../lib64] ==> dir [/projects/opt/ppc64le/p9/gcc/9.4.0/lib/gcc/powerpc64le-unknown-linux-gnu/9.4.0/../../../../lib64]
    arg [-L/lib/../lib64] ==> dir [/lib/../lib64]
    arg [-L/usr/lib/../lib64] ==> dir [/usr/lib/../lib64]
    arg [-L/projects/opt/ppc64le/p9/gcc/9.4.0/lib/gcc/powerpc64le-unknown-linux-gnu/9.4.0/../../..] ==> dir [/projects/opt/ppc64le/p9/gcc/9.4.0/lib/gcc/powerpc64le-unknown-linux-gnu/9.4.0/../../..]
    arg [CMakeFiles/cmTC_79a3c.dir/CMakeCCompilerABI.c.o] ==> ignore
    arg [-lgcc] ==> lib [gcc]
    arg [--as-needed] ==> ignore
    arg [-lgcc_s] ==> lib [gcc_s]
    arg [--no-as-needed] ==> ignore
    arg [-lc] ==> lib [c]
    arg [-lgcc] ==> lib [gcc]
    arg [--as-needed] ==> ignore
    arg [-lgcc_s] ==> lib [gcc_s]
    arg [--no-as-needed] ==> ignore
    arg [/projects/opt/ppc64le/p9/gcc/9.4.0/lib/gcc/powerpc64le-unknown-linux-gnu/9.4.0/crtend.o] ==> ignore
    arg [/lib/../lib64/crtn.o] ==> ignore
  collapse library dir [/projects/opt/ppc64le/p9/gcc/9.4.0/lib/gcc/powerpc64le-unknown-linux-gnu/9.4.0] ==> [/projects/opt/ppc64le/p9/gcc/9.4.0/lib/gcc/powerpc64le-unknown-linux-gnu/9.4.0]
  collapse library dir [/projects/opt/ppc64le/p9/gcc/9.4.0/lib/gcc/powerpc64le-unknown-linux-gnu/9.4.0/../../../../lib64] ==> [/projects/opt/ppc64le/p9/gcc/9.4.0/lib64]
  collapse library dir [/lib/../lib64] ==> [/lib64]
  collapse library dir [/usr/lib/../lib64] ==> [/usr/lib64]
  collapse library dir [/projects/opt/ppc64le/p9/gcc/9.4.0/lib/gcc/powerpc64le-unknown-linux-gnu/9.4.0/../../..] ==> [/projects/opt/ppc64le/p9/gcc/9.4.0/lib]
  implicit libs: [gcc;gcc_s;c;gcc;gcc_s]
  implicit dirs: [/projects/opt/ppc64le/p9/gcc/9.4.0/lib/gcc/powerpc64le-unknown-linux-gnu/9.4.0;/projects/opt/ppc64le/p9/gcc/9.4.0/lib64;/lib64;/usr/lib64;/projects/opt/ppc64le/p9/gcc/9.4.0/lib]
  implicit fwks: []


Detecting CXX compiler ABI info compiled with the following output:
Change Dir: /vast/home/stevenw/WKE/CMakeFiles/CMakeTmp

Run Build Command(s):/usr/bin/gmake cmTC_46f2c/fast && /usr/bin/gmake  -f CMakeFiles/cmTC_46f2c.dir/build.make CMakeFiles/cmTC_46f2c.dir/build
gmake[1]: Entering directory `/vast/home/stevenw/WKE/CMakeFiles/CMakeTmp'
Building CXX object CMakeFiles/cmTC_46f2c.dir/CMakeCXXCompilerABI.cpp.o
/projects/opt/ppc64le/p9/gcc/9.4.0/bin/g++   -v -std=gnu++17 -o CMakeFiles/cmTC_46f2c.dir/CMakeCXXCompilerABI.cpp.o -c /projects/opt/rhel7/ppc64le/cmake/3.19.2/share/cmake-3.19/Modules/CMakeCXXCompilerABI.cpp
Using built-in specs.
COLLECT_GCC=/projects/opt/ppc64le/p9/gcc/9.4.0/bin/g++
Target: powerpc64le-unknown-linux-gnu
Configured with: ../gcc-9.4.0/configure --disable-bootstrap --disable-multilib --enable-languages=c,c++,fortran,lto --prefix=/projects/opt/ppc64le/p9/gcc/9.4.0
Thread model: posix
gcc version 9.4.0 (GCC) 
COLLECT_GCC_OPTIONS='-v' '-std=gnu++17' '-o' 'CMakeFiles/cmTC_46f2c.dir/CMakeCXXCompilerABI.cpp.o' '-c' '-shared-libgcc'
 /projects/opt/ppc64le/p9/gcc/9.4.0/libexec/gcc/powerpc64le-unknown-linux-gnu/9.4.0/cc1plus -quiet -v -D_GNU_SOURCE /projects/opt/rhel7/ppc64le/cmake/3.19.2/share/cmake-3.19/Modules/CMakeCXXCompilerABI.cpp -quiet -dumpbase CMakeCXXCompilerABI.cpp -auxbase-strip CMakeFiles/cmTC_46f2c.dir/CMakeCXXCompilerABI.cpp.o -std=gnu++17 -version -o /tmp/ccLzaFKv.s
GNU C++17 (GCC) version 9.4.0 (powerpc64le-unknown-linux-gnu)
	compiled by GNU C version 4.8.5 20150623 (Red Hat 4.8.5-44), GMP version 6.1.0, MPFR version 3.1.4, MPC version 1.0.3, isl version isl-0.18-GMP

GGC heuristics: --param ggc-min-expand=100 --param ggc-min-heapsize=131072
ignoring nonexistent directory "/projects/opt/ppc64le/p9/gcc/9.4.0/lib/gcc/powerpc64le-unknown-linux-gnu/9.4.0/../../../../powerpc64le-unknown-linux-gnu/include"
#include "..." search starts here:
#include <...> search starts here:
 /projects/opt/ppc64le/p9/gcc/9.4.0/lib/gcc/powerpc64le-unknown-linux-gnu/9.4.0/../../../../include/c++/9.4.0
 /projects/opt/ppc64le/p9/gcc/9.4.0/lib/gcc/powerpc64le-unknown-linux-gnu/9.4.0/../../../../include/c++/9.4.0/powerpc64le-unknown-linux-gnu
 /projects/opt/ppc64le/p9/gcc/9.4.0/lib/gcc/powerpc64le-unknown-linux-gnu/9.4.0/../../../../include/c++/9.4.0/backward
 /projects/opt/ppc64le/p9/gcc/9.4.0/lib/gcc/powerpc64le-unknown-linux-gnu/9.4.0/include
 /usr/local/include
 /projects/opt/ppc64le/p9/gcc/9.4.0/include
 /projects/opt/ppc64le/p9/gcc/9.4.0/lib/gcc/powerpc64le-unknown-linux-gnu/9.4.0/include-fixed
 /usr/include
End of search list.
GNU C++17 (GCC) version 9.4.0 (powerpc64le-unknown-linux-gnu)
	compiled by GNU C version 4.8.5 20150623 (Red Hat 4.8.5-44), GMP version 6.1.0, MPFR version 3.1.4, MPC version 1.0.3, isl version isl-0.18-GMP

GGC heuristics: --param ggc-min-expand=100 --param ggc-min-heapsize=131072
Compiler executable checksum: 125f9263b245eeae7f665c6cdc1575fa
COLLECT_GCC_OPTIONS='-v' '-std=gnu++17' '-o' 'CMakeFiles/cmTC_46f2c.dir/CMakeCXXCompilerABI.cpp.o' '-c' '-shared-libgcc'
 as -v -a64 -mppc64 -many -mlittle -o CMakeFiles/cmTC_46f2c.dir/CMakeCXXCompilerABI.cpp.o /tmp/ccLzaFKv.s
GNU assembler version 2.27 (ppc64le-redhat-linux) using BFD version version 2.27-44.base.el7
COMPILER_PATH=/projects/opt/ppc64le/p9/gcc/9.4.0/libexec/gcc/powerpc64le-unknown-linux-gnu/9.4.0/:/projects/opt/ppc64le/p9/gcc/9.4.0/libexec/gcc/powerpc64le-unknown-linux-gnu/9.4.0/:/projects/opt/ppc64le/p9/gcc/9.4.0/libexec/gcc/powerpc64le-unknown-linux-gnu/:/projects/opt/ppc64le/p9/gcc/9.4.0/lib/gcc/powerpc64le-unknown-linux-gnu/9.4.0/:/projects/opt/ppc64le/p9/gcc/9.4.0/lib/gcc/powerpc64le-unknown-linux-gnu/
LIBRARY_PATH=/projects/opt/ppc64le/p9/gcc/9.4.0/lib/gcc/powerpc64le-unknown-linux-gnu/9.4.0/:/projects/opt/ppc64le/p9/gcc/9.4.0/lib/gcc/powerpc64le-unknown-linux-gnu/9.4.0/../../../../lib64/:/lib/../lib64/:/usr/lib/../lib64/:/projects/opt/ppc64le/p9/gcc/9.4.0/lib/gcc/powerpc64le-unknown-linux-gnu/9.4.0/../../../:/lib/:/usr/lib/
COLLECT_GCC_OPTIONS='-v' '-std=gnu++17' '-o' 'CMakeFiles/cmTC_46f2c.dir/CMakeCXXCompilerABI.cpp.o' '-c' '-shared-libgcc'
Linking CXX executable cmTC_46f2c
/projects/opt/rhel7/ppc64le/cmake/3.19.2/bin/cmake -E cmake_link_script CMakeFiles/cmTC_46f2c.dir/link.txt --verbose=1
/projects/opt/ppc64le/p9/gcc/9.4.0/bin/g++  -v CMakeFiles/cmTC_46f2c.dir/CMakeCXXCompilerABI.cpp.o -o cmTC_46f2c 
Using built-in specs.
COLLECT_GCC=/projects/opt/ppc64le/p9/gcc/9.4.0/bin/g++
COLLECT_LTO_WRAPPER=/projects/opt/ppc64le/p9/gcc/9.4.0/libexec/gcc/powerpc64le-unknown-linux-gnu/9.4.0/lto-wrapper
Target: powerpc64le-unknown-linux-gnu
Configured with: ../gcc-9.4.0/configure --disable-bootstrap --disable-multilib --enable-languages=c,c++,fortran,lto --prefix=/projects/opt/ppc64le/p9/gcc/9.4.0
Thread model: posix
gcc version 9.4.0 (GCC) 
COMPILER_PATH=/projects/opt/ppc64le/p9/gcc/9.4.0/libexec/gcc/powerpc64le-unknown-linux-gnu/9.4.0/:/projects/opt/ppc64le/p9/gcc/9.4.0/libexec/gcc/powerpc64le-unknown-linux-gnu/9.4.0/:/projects/opt/ppc64le/p9/gcc/9.4.0/libexec/gcc/powerpc64le-unknown-linux-gnu/:/projects/opt/ppc64le/p9/gcc/9.4.0/lib/gcc/powerpc64le-unknown-linux-gnu/9.4.0/:/projects/opt/ppc64le/p9/gcc/9.4.0/lib/gcc/powerpc64le-unknown-linux-gnu/
LIBRARY_PATH=/projects/opt/ppc64le/p9/gcc/9.4.0/lib/gcc/powerpc64le-unknown-linux-gnu/9.4.0/:/projects/opt/ppc64le/p9/gcc/9.4.0/lib/gcc/powerpc64le-unknown-linux-gnu/9.4.0/../../../../lib64/:/lib/../lib64/:/usr/lib/../lib64/:/projects/opt/ppc64le/p9/gcc/9.4.0/lib/gcc/powerpc64le-unknown-linux-gnu/9.4.0/../../../:/lib/:/usr/lib/
COLLECT_GCC_OPTIONS='-v' '-o' 'cmTC_46f2c' '-shared-libgcc'
 /projects/opt/ppc64le/p9/gcc/9.4.0/libexec/gcc/powerpc64le-unknown-linux-gnu/9.4.0/collect2 -plugin /projects/opt/ppc64le/p9/gcc/9.4.0/libexec/gcc/powerpc64le-unknown-linux-gnu/9.4.0/liblto_plugin.so -plugin-opt=/projects/opt/ppc64le/p9/gcc/9.4.0/libexec/gcc/powerpc64le-unknown-linux-gnu/9.4.0/lto-wrapper -plugin-opt=-fresolution=/tmp/ccIKOctx.res -plugin-opt=-pass-through=-lgcc_s -plugin-opt=-pass-through=-lgcc -plugin-opt=-pass-through=-lc -plugin-opt=-pass-through=-lgcc_s -plugin-opt=-pass-through=-lgcc --eh-frame-hdr -V -m elf64lppc -dynamic-linker /lib64/ld64.so.2 -o cmTC_46f2c /lib/../lib64/crt1.o /lib/../lib64/crti.o /projects/opt/ppc64le/p9/gcc/9.4.0/lib/gcc/powerpc64le-unknown-linux-gnu/9.4.0/crtbegin.o -L/projects/opt/ppc64le/p9/gcc/9.4.0/lib/gcc/powerpc64le-unknown-linux-gnu/9.4.0 -L/projects/opt/ppc64le/p9/gcc/9.4.0/lib/gcc/powerpc64le-unknown-linux-gnu/9.4.0/../../../../lib64 -L/lib/../lib64 -L/usr/lib/../lib64 -L/projects/opt/ppc64le/p9/gcc/9.4.0/lib/gcc/powerpc64le-unknown-linux-gnu/9.4.0/../../.. CMakeFiles/cmTC_46f2c.dir/CMakeCXXCompilerABI.cpp.o -lstdc++ -lm -lgcc_s -lgcc -lc -lgcc_s -lgcc /projects/opt/ppc64le/p9/gcc/9.4.0/lib/gcc/powerpc64le-unknown-linux-gnu/9.4.0/crtend.o /lib/../lib64/crtn.o
GNU ld version 2.27-44.base.el7
  Supported emulations:
   elf64lppc
   elf32ppc
   elf32ppclinux
   elf32ppcsim
   elf32lppc
   elf32lppclinux
   elf32lppcsim
   elf64ppc
COLLECT_GCC_OPTIONS='-v' '-o' 'cmTC_46f2c' '-shared-libgcc'
gmake[1]: Leaving directory `/vast/home/stevenw/WKE/CMakeFiles/CMakeTmp'



Parsed CXX implicit include dir info from above output: rv=done
  found start of include info
  found start of implicit include info
    add: [/projects/opt/ppc64le/p9/gcc/9.4.0/lib/gcc/powerpc64le-unknown-linux-gnu/9.4.0/../../../../include/c++/9.4.0]
    add: [/projects/opt/ppc64le/p9/gcc/9.4.0/lib/gcc/powerpc64le-unknown-linux-gnu/9.4.0/../../../../include/c++/9.4.0/powerpc64le-unknown-linux-gnu]
    add: [/projects/opt/ppc64le/p9/gcc/9.4.0/lib/gcc/powerpc64le-unknown-linux-gnu/9.4.0/../../../../include/c++/9.4.0/backward]
    add: [/projects/opt/ppc64le/p9/gcc/9.4.0/lib/gcc/powerpc64le-unknown-linux-gnu/9.4.0/include]
    add: [/usr/local/include]
    add: [/projects/opt/ppc64le/p9/gcc/9.4.0/include]
    add: [/projects/opt/ppc64le/p9/gcc/9.4.0/lib/gcc/powerpc64le-unknown-linux-gnu/9.4.0/include-fixed]
    add: [/usr/include]
  end of search list found
  collapse include dir [/projects/opt/ppc64le/p9/gcc/9.4.0/lib/gcc/powerpc64le-unknown-linux-gnu/9.4.0/../../../../include/c++/9.4.0] ==> [/projects/opt/ppc64le/p9/gcc/9.4.0/include/c++/9.4.0]
  collapse include dir [/projects/opt/ppc64le/p9/gcc/9.4.0/lib/gcc/powerpc64le-unknown-linux-gnu/9.4.0/../../../../include/c++/9.4.0/powerpc64le-unknown-linux-gnu] ==> [/projects/opt/ppc64le/p9/gcc/9.4.0/include/c++/9.4.0/powerpc64le-unknown-linux-gnu]
  collapse include dir [/projects/opt/ppc64le/p9/gcc/9.4.0/lib/gcc/powerpc64le-unknown-linux-gnu/9.4.0/../../../../include/c++/9.4.0/backward] ==> [/projects/opt/ppc64le/p9/gcc/9.4.0/include/c++/9.4.0/backward]
  collapse include dir [/projects/opt/ppc64le/p9/gcc/9.4.0/lib/gcc/powerpc64le-unknown-linux-gnu/9.4.0/include] ==> [/projects/opt/ppc64le/p9/gcc/9.4.0/lib/gcc/powerpc64le-unknown-linux-gnu/9.4.0/include]
  collapse include dir [/usr/local/include] ==> [/usr/local/include]
  collapse include dir [/projects/opt/ppc64le/p9/gcc/9.4.0/include] ==> [/projects/opt/ppc64le/p9/gcc/9.4.0/include]
  collapse include dir [/projects/opt/ppc64le/p9/gcc/9.4.0/lib/gcc/powerpc64le-unknown-linux-gnu/9.4.0/include-fixed] ==> [/projects/opt/ppc64le/p9/gcc/9.4.0/lib/gcc/powerpc64le-unknown-linux-gnu/9.4.0/include-fixed]
  collapse include dir [/usr/include] ==> [/usr/include]
  implicit include dirs: [/projects/opt/ppc64le/p9/gcc/9.4.0/include/c++/9.4.0;/projects/opt/ppc64le/p9/gcc/9.4.0/include/c++/9.4.0/powerpc64le-unknown-linux-gnu;/projects/opt/ppc64le/p9/gcc/9.4.0/include/c++/9.4.0/backward;/projects/opt/ppc64le/p9/gcc/9.4.0/lib/gcc/powerpc64le-unknown-linux-gnu/9.4.0/include;/usr/local/include;/projects/opt/ppc64le/p9/gcc/9.4.0/include;/projects/opt/ppc64le/p9/gcc/9.4.0/lib/gcc/powerpc64le-unknown-linux-gnu/9.4.0/include-fixed;/usr/include]


Parsed CXX implicit link information from above output:
  link line regex: [^( *|.*[/\])(ld|CMAKE_LINK_STARTFILE-NOTFOUND|([^/\]+-)?ld|collect2)[^/\]*( |$)]
  ignore line: [Change Dir: /vast/home/stevenw/WKE/CMakeFiles/CMakeTmp]
  ignore line: []
  ignore line: [Run Build Command(s):/usr/bin/gmake cmTC_46f2c/fast && /usr/bin/gmake  -f CMakeFiles/cmTC_46f2c.dir/build.make CMakeFiles/cmTC_46f2c.dir/build]
  ignore line: [gmake[1]: Entering directory `/vast/home/stevenw/WKE/CMakeFiles/CMakeTmp']
  ignore line: [Building CXX object CMakeFiles/cmTC_46f2c.dir/CMakeCXXCompilerABI.cpp.o]
  ignore line: [/projects/opt/ppc64le/p9/gcc/9.4.0/bin/g++   -v -std=gnu++17 -o CMakeFiles/cmTC_46f2c.dir/CMakeCXXCompilerABI.cpp.o -c /projects/opt/rhel7/ppc64le/cmake/3.19.2/share/cmake-3.19/Modules/CMakeCXXCompilerABI.cpp]
  ignore line: [Using built-in specs.]
  ignore line: [COLLECT_GCC=/projects/opt/ppc64le/p9/gcc/9.4.0/bin/g++]
  ignore line: [Target: powerpc64le-unknown-linux-gnu]
  ignore line: [Configured with: ../gcc-9.4.0/configure --disable-bootstrap --disable-multilib --enable-languages=c c++ fortran lto --prefix=/projects/opt/ppc64le/p9/gcc/9.4.0]
  ignore line: [Thread model: posix]
  ignore line: [gcc version 9.4.0 (GCC) ]
  ignore line: [COLLECT_GCC_OPTIONS='-v' '-std=gnu++17' '-o' 'CMakeFiles/cmTC_46f2c.dir/CMakeCXXCompilerABI.cpp.o' '-c' '-shared-libgcc']
  ignore line: [ /projects/opt/ppc64le/p9/gcc/9.4.0/libexec/gcc/powerpc64le-unknown-linux-gnu/9.4.0/cc1plus -quiet -v -D_GNU_SOURCE /projects/opt/rhel7/ppc64le/cmake/3.19.2/share/cmake-3.19/Modules/CMakeCXXCompilerABI.cpp -quiet -dumpbase CMakeCXXCompilerABI.cpp -auxbase-strip CMakeFiles/cmTC_46f2c.dir/CMakeCXXCompilerABI.cpp.o -std=gnu++17 -version -o /tmp/ccLzaFKv.s]
  ignore line: [GNU C++17 (GCC) version 9.4.0 (powerpc64le-unknown-linux-gnu)]
  ignore line: [	compiled by GNU C version 4.8.5 20150623 (Red Hat 4.8.5-44)  GMP version 6.1.0  MPFR version 3.1.4  MPC version 1.0.3  isl version isl-0.18-GMP]
  ignore line: []
  ignore line: [GGC heuristics: --param ggc-min-expand=100 --param ggc-min-heapsize=131072]
  ignore line: [ignoring nonexistent directory "/projects/opt/ppc64le/p9/gcc/9.4.0/lib/gcc/powerpc64le-unknown-linux-gnu/9.4.0/../../../../powerpc64le-unknown-linux-gnu/include"]
  ignore line: [#include "..." search starts here:]
  ignore line: [#include <...> search starts here:]
  ignore line: [ /projects/opt/ppc64le/p9/gcc/9.4.0/lib/gcc/powerpc64le-unknown-linux-gnu/9.4.0/../../../../include/c++/9.4.0]
  ignore line: [ /projects/opt/ppc64le/p9/gcc/9.4.0/lib/gcc/powerpc64le-unknown-linux-gnu/9.4.0/../../../../include/c++/9.4.0/powerpc64le-unknown-linux-gnu]
  ignore line: [ /projects/opt/ppc64le/p9/gcc/9.4.0/lib/gcc/powerpc64le-unknown-linux-gnu/9.4.0/../../../../include/c++/9.4.0/backward]
  ignore line: [ /projects/opt/ppc64le/p9/gcc/9.4.0/lib/gcc/powerpc64le-unknown-linux-gnu/9.4.0/include]
  ignore line: [ /usr/local/include]
  ignore line: [ /projects/opt/ppc64le/p9/gcc/9.4.0/include]
  ignore line: [ /projects/opt/ppc64le/p9/gcc/9.4.0/lib/gcc/powerpc64le-unknown-linux-gnu/9.4.0/include-fixed]
  ignore line: [ /usr/include]
  ignore line: [End of search list.]
  ignore line: [GNU C++17 (GCC) version 9.4.0 (powerpc64le-unknown-linux-gnu)]
  ignore line: [	compiled by GNU C version 4.8.5 20150623 (Red Hat 4.8.5-44)  GMP version 6.1.0  MPFR version 3.1.4  MPC version 1.0.3  isl version isl-0.18-GMP]
  ignore line: []
  ignore line: [GGC heuristics: --param ggc-min-expand=100 --param ggc-min-heapsize=131072]
  ignore line: [Compiler executable checksum: 125f9263b245eeae7f665c6cdc1575fa]
  ignore line: [COLLECT_GCC_OPTIONS='-v' '-std=gnu++17' '-o' 'CMakeFiles/cmTC_46f2c.dir/CMakeCXXCompilerABI.cpp.o' '-c' '-shared-libgcc']
  ignore line: [ as -v -a64 -mppc64 -many -mlittle -o CMakeFiles/cmTC_46f2c.dir/CMakeCXXCompilerABI.cpp.o /tmp/ccLzaFKv.s]
  ignore line: [GNU assembler version 2.27 (ppc64le-redhat-linux) using BFD version version 2.27-44.base.el7]
  ignore line: [COMPILER_PATH=/projects/opt/ppc64le/p9/gcc/9.4.0/libexec/gcc/powerpc64le-unknown-linux-gnu/9.4.0/:/projects/opt/ppc64le/p9/gcc/9.4.0/libexec/gcc/powerpc64le-unknown-linux-gnu/9.4.0/:/projects/opt/ppc64le/p9/gcc/9.4.0/libexec/gcc/powerpc64le-unknown-linux-gnu/:/projects/opt/ppc64le/p9/gcc/9.4.0/lib/gcc/powerpc64le-unknown-linux-gnu/9.4.0/:/projects/opt/ppc64le/p9/gcc/9.4.0/lib/gcc/powerpc64le-unknown-linux-gnu/]
  ignore line: [LIBRARY_PATH=/projects/opt/ppc64le/p9/gcc/9.4.0/lib/gcc/powerpc64le-unknown-linux-gnu/9.4.0/:/projects/opt/ppc64le/p9/gcc/9.4.0/lib/gcc/powerpc64le-unknown-linux-gnu/9.4.0/../../../../lib64/:/lib/../lib64/:/usr/lib/../lib64/:/projects/opt/ppc64le/p9/gcc/9.4.0/lib/gcc/powerpc64le-unknown-linux-gnu/9.4.0/../../../:/lib/:/usr/lib/]
  ignore line: [COLLECT_GCC_OPTIONS='-v' '-std=gnu++17' '-o' 'CMakeFiles/cmTC_46f2c.dir/CMakeCXXCompilerABI.cpp.o' '-c' '-shared-libgcc']
  ignore line: [Linking CXX executable cmTC_46f2c]
  ignore line: [/projects/opt/rhel7/ppc64le/cmake/3.19.2/bin/cmake -E cmake_link_script CMakeFiles/cmTC_46f2c.dir/link.txt --verbose=1]
  ignore line: [/projects/opt/ppc64le/p9/gcc/9.4.0/bin/g++  -v CMakeFiles/cmTC_46f2c.dir/CMakeCXXCompilerABI.cpp.o -o cmTC_46f2c ]
  ignore line: [Using built-in specs.]
  ignore line: [COLLECT_GCC=/projects/opt/ppc64le/p9/gcc/9.4.0/bin/g++]
  ignore line: [COLLECT_LTO_WRAPPER=/projects/opt/ppc64le/p9/gcc/9.4.0/libexec/gcc/powerpc64le-unknown-linux-gnu/9.4.0/lto-wrapper]
  ignore line: [Target: powerpc64le-unknown-linux-gnu]
  ignore line: [Configured with: ../gcc-9.4.0/configure --disable-bootstrap --disable-multilib --enable-languages=c c++ fortran lto --prefix=/projects/opt/ppc64le/p9/gcc/9.4.0]
  ignore line: [Thread model: posix]
  ignore line: [gcc version 9.4.0 (GCC) ]
  ignore line: [COMPILER_PATH=/projects/opt/ppc64le/p9/gcc/9.4.0/libexec/gcc/powerpc64le-unknown-linux-gnu/9.4.0/:/projects/opt/ppc64le/p9/gcc/9.4.0/libexec/gcc/powerpc64le-unknown-linux-gnu/9.4.0/:/projects/opt/ppc64le/p9/gcc/9.4.0/libexec/gcc/powerpc64le-unknown-linux-gnu/:/projects/opt/ppc64le/p9/gcc/9.4.0/lib/gcc/powerpc64le-unknown-linux-gnu/9.4.0/:/projects/opt/ppc64le/p9/gcc/9.4.0/lib/gcc/powerpc64le-unknown-linux-gnu/]
  ignore line: [LIBRARY_PATH=/projects/opt/ppc64le/p9/gcc/9.4.0/lib/gcc/powerpc64le-unknown-linux-gnu/9.4.0/:/projects/opt/ppc64le/p9/gcc/9.4.0/lib/gcc/powerpc64le-unknown-linux-gnu/9.4.0/../../../../lib64/:/lib/../lib64/:/usr/lib/../lib64/:/projects/opt/ppc64le/p9/gcc/9.4.0/lib/gcc/powerpc64le-unknown-linux-gnu/9.4.0/../../../:/lib/:/usr/lib/]
  ignore line: [COLLECT_GCC_OPTIONS='-v' '-o' 'cmTC_46f2c' '-shared-libgcc']
  link line: [ /projects/opt/ppc64le/p9/gcc/9.4.0/libexec/gcc/powerpc64le-unknown-linux-gnu/9.4.0/collect2 -plugin /projects/opt/ppc64le/p9/gcc/9.4.0/libexec/gcc/powerpc64le-unknown-linux-gnu/9.4.0/liblto_plugin.so -plugin-opt=/projects/opt/ppc64le/p9/gcc/9.4.0/libexec/gcc/powerpc64le-unknown-linux-gnu/9.4.0/lto-wrapper -plugin-opt=-fresolution=/tmp/ccIKOctx.res -plugin-opt=-pass-through=-lgcc_s -plugin-opt=-pass-through=-lgcc -plugin-opt=-pass-through=-lc -plugin-opt=-pass-through=-lgcc_s -plugin-opt=-pass-through=-lgcc --eh-frame-hdr -V -m elf64lppc -dynamic-linker /lib64/ld64.so.2 -o cmTC_46f2c /lib/../lib64/crt1.o /lib/../lib64/crti.o /projects/opt/ppc64le/p9/gcc/9.4.0/lib/gcc/powerpc64le-unknown-linux-gnu/9.4.0/crtbegin.o -L/projects/opt/ppc64le/p9/gcc/9.4.0/lib/gcc/powerpc64le-unknown-linux-gnu/9.4.0 -L/projects/opt/ppc64le/p9/gcc/9.4.0/lib/gcc/powerpc64le-unknown-linux-gnu/9.4.0/../../../../lib64 -L/lib/../lib64 -L/usr/lib/../lib64 -L/projects/opt/ppc64le/p9/gcc/9.4.0/lib/gcc/powerpc64le-unknown-linux-gnu/9.4.0/../../.. CMakeFiles/cmTC_46f2c.dir/CMakeCXXCompilerABI.cpp.o -lstdc++ -lm -lgcc_s -lgcc -lc -lgcc_s -lgcc /projects/opt/ppc64le/p9/gcc/9.4.0/lib/gcc/powerpc64le-unknown-linux-gnu/9.4.0/crtend.o /lib/../lib64/crtn.o]
    arg [/projects/opt/ppc64le/p9/gcc/9.4.0/libexec/gcc/powerpc64le-unknown-linux-gnu/9.4.0/collect2] ==> ignore
    arg [-plugin] ==> ignore
    arg [/projects/opt/ppc64le/p9/gcc/9.4.0/libexec/gcc/powerpc64le-unknown-linux-gnu/9.4.0/liblto_plugin.so] ==> ignore
    arg [-plugin-opt=/projects/opt/ppc64le/p9/gcc/9.4.0/libexec/gcc/powerpc64le-unknown-linux-gnu/9.4.0/lto-wrapper] ==> ignore
    arg [-plugin-opt=-fresolution=/tmp/ccIKOctx.res] ==> ignore
    arg [-plugin-opt=-pass-through=-lgcc_s] ==> ignore
    arg [-plugin-opt=-pass-through=-lgcc] ==> ignore
    arg [-plugin-opt=-pass-through=-lc] ==> ignore
    arg [-plugin-opt=-pass-through=-lgcc_s] ==> ignore
    arg [-plugin-opt=-pass-through=-lgcc] ==> ignore
    arg [--eh-frame-hdr] ==> ignore
    arg [-V] ==> ignore
    arg [-m] ==> ignore
    arg [elf64lppc] ==> ignore
    arg [-dynamic-linker] ==> ignore
    arg [/lib64/ld64.so.2] ==> ignore
    arg [-o] ==> ignore
    arg [cmTC_46f2c] ==> ignore
    arg [/lib/../lib64/crt1.o] ==> ignore
    arg [/lib/../lib64/crti.o] ==> ignore
    arg [/projects/opt/ppc64le/p9/gcc/9.4.0/lib/gcc/powerpc64le-unknown-linux-gnu/9.4.0/crtbegin.o] ==> ignore
    arg [-L/projects/opt/ppc64le/p9/gcc/9.4.0/lib/gcc/powerpc64le-unknown-linux-gnu/9.4.0] ==> dir [/projects/opt/ppc64le/p9/gcc/9.4.0/lib/gcc/powerpc64le-unknown-linux-gnu/9.4.0]
    arg [-L/projects/opt/ppc64le/p9/gcc/9.4.0/lib/gcc/powerpc64le-unknown-linux-gnu/9.4.0/../../../../lib64] ==> dir [/projects/opt/ppc64le/p9/gcc/9.4.0/lib/gcc/powerpc64le-unknown-linux-gnu/9.4.0/../../../../lib64]
    arg [-L/lib/../lib64] ==> dir [/lib/../lib64]
    arg [-L/usr/lib/../lib64] ==> dir [/usr/lib/../lib64]
    arg [-L/projects/opt/ppc64le/p9/gcc/9.4.0/lib/gcc/powerpc64le-unknown-linux-gnu/9.4.0/../../..] ==> dir [/projects/opt/ppc64le/p9/gcc/9.4.0/lib/gcc/powerpc64le-unknown-linux-gnu/9.4.0/../../..]
    arg [CMakeFiles/cmTC_46f2c.dir/CMakeCXXCompilerABI.cpp.o] ==> ignore
    arg [-lstdc++] ==> lib [stdc++]
    arg [-lm] ==> lib [m]
    arg [-lgcc_s] ==> lib [gcc_s]
    arg [-lgcc] ==> lib [gcc]
    arg [-lc] ==> lib [c]
    arg [-lgcc_s] ==> lib [gcc_s]
    arg [-lgcc] ==> lib [gcc]
    arg [/projects/opt/ppc64le/p9/gcc/9.4.0/lib/gcc/powerpc64le-unknown-linux-gnu/9.4.0/crtend.o] ==> ignore
    arg [/lib/../lib64/crtn.o] ==> ignore
  collapse library dir [/projects/opt/ppc64le/p9/gcc/9.4.0/lib/gcc/powerpc64le-unknown-linux-gnu/9.4.0] ==> [/projects/opt/ppc64le/p9/gcc/9.4.0/lib/gcc/powerpc64le-unknown-linux-gnu/9.4.0]
  collapse library dir [/projects/opt/ppc64le/p9/gcc/9.4.0/lib/gcc/powerpc64le-unknown-linux-gnu/9.4.0/../../../../lib64] ==> [/projects/opt/ppc64le/p9/gcc/9.4.0/lib64]
  collapse library dir [/lib/../lib64] ==> [/lib64]
  collapse library dir [/usr/lib/../lib64] ==> [/usr/lib64]
  collapse library dir [/projects/opt/ppc64le/p9/gcc/9.4.0/lib/gcc/powerpc64le-unknown-linux-gnu/9.4.0/../../..] ==> [/projects/opt/ppc64le/p9/gcc/9.4.0/lib]
  implicit libs: [stdc++;m;gcc_s;gcc;c;gcc_s;gcc]
  implicit dirs: [/projects/opt/ppc64le/p9/gcc/9.4.0/lib/gcc/powerpc64le-unknown-linux-gnu/9.4.0;/projects/opt/ppc64le/p9/gcc/9.4.0/lib64;/lib64;/usr/lib64;/projects/opt/ppc64le/p9/gcc/9.4.0/lib]
  implicit fwks: []


Performing C SOURCE FILE Test HAVE_OPENMP_SIMD succeeded with the following output:
Change Dir: /vast/home/stevenw/WKE/CMakeFiles/CMakeTmp

Run Build Command(s):/usr/bin/gmake cmTC_01a99/fast && /usr/bin/gmake  -f CMakeFiles/cmTC_01a99.dir/build.make CMakeFiles/cmTC_01a99.dir/build
gmake[1]: Entering directory `/vast/home/stevenw/WKE/CMakeFiles/CMakeTmp'
Building C object CMakeFiles/cmTC_01a99.dir/src.c.o
/projects/opt/ppc64le/p9/gcc/9.4.0/bin/gcc -DHAVE_OPENMP_SIMD  -fopenmp-simd -o CMakeFiles/cmTC_01a99.dir/src.c.o -c /vast/home/stevenw/WKE/CMakeFiles/CMakeTmp/src.c
Linking C executable cmTC_01a99
/projects/opt/rhel7/ppc64le/cmake/3.19.2/bin/cmake -E cmake_link_script CMakeFiles/cmTC_01a99.dir/link.txt --verbose=1
/projects/opt/ppc64le/p9/gcc/9.4.0/bin/gcc CMakeFiles/cmTC_01a99.dir/src.c.o -o cmTC_01a99 
gmake[1]: Leaving directory `/vast/home/stevenw/WKE/CMakeFiles/CMakeTmp'


Source file was:
int main(void) { return 0; }
Compiling the Fortran compiler identification source file "CMakeFortranCompilerId.F" succeeded.
Compiler: /projects/opt/ppc64le/p9/gcc/9.4.0/bin/gfortran 
Build flags: 
Id flags: -v 

The output was:
0
Driving: /projects/opt/ppc64le/p9/gcc/9.4.0/bin/gfortran -v CMakeFortranCompilerId.F -l gfortran -l m -shared-libgcc
Using built-in specs.
COLLECT_GCC=/projects/opt/ppc64le/p9/gcc/9.4.0/bin/gfortran
COLLECT_LTO_WRAPPER=/projects/opt/ppc64le/p9/gcc/9.4.0/libexec/gcc/powerpc64le-unknown-linux-gnu/9.4.0/lto-wrapper
Target: powerpc64le-unknown-linux-gnu
Configured with: ../gcc-9.4.0/configure --disable-bootstrap --disable-multilib --enable-languages=c,c++,fortran,lto --prefix=/projects/opt/ppc64le/p9/gcc/9.4.0
Thread model: posix
gcc version 9.4.0 (GCC) 
COLLECT_GCC_OPTIONS='-v' '-shared-libgcc'
 /projects/opt/ppc64le/p9/gcc/9.4.0/libexec/gcc/powerpc64le-unknown-linux-gnu/9.4.0/f951 CMakeFortranCompilerId.F -ffixed-form -cpp=/tmp/ccPEElrR.f90 -quiet -v CMakeFortranCompilerId.F -quiet -dumpbase CMakeFortranCompilerId.F -auxbase CMakeFortranCompilerId -version -fintrinsic-modules-path /projects/opt/ppc64le/p9/gcc/9.4.0/lib/gcc/powerpc64le-unknown-linux-gnu/9.4.0/finclude -o /tmp/ccNNDfxj.s
GNU Fortran (GCC) version 9.4.0 (powerpc64le-unknown-linux-gnu)
	compiled by GNU C version 4.8.5 20150623 (Red Hat 4.8.5-44), GMP version 6.1.0, MPFR version 3.1.4, MPC version 1.0.3, isl version isl-0.18-GMP

GGC heuristics: --param ggc-min-expand=100 --param ggc-min-heapsize=131072
ignoring nonexistent directory "/projects/opt/ppc64le/p9/gcc/9.4.0/lib/gcc/powerpc64le-unknown-linux-gnu/9.4.0/../../../../powerpc64le-unknown-linux-gnu/include"
#include "..." search starts here:
#include <...> search starts here:
 /projects/opt/ppc64le/p9/gcc/9.4.0/lib/gcc/powerpc64le-unknown-linux-gnu/9.4.0/finclude
 /projects/opt/ppc64le/p9/gcc/9.4.0/lib/gcc/powerpc64le-unknown-linux-gnu/9.4.0/include
 /usr/local/include
 /projects/opt/ppc64le/p9/gcc/9.4.0/include
 /projects/opt/ppc64le/p9/gcc/9.4.0/lib/gcc/powerpc64le-unknown-linux-gnu/9.4.0/include-fixed
 /usr/include
End of search list.
GNU Fortran2008 (GCC) version 9.4.0 (powerpc64le-unknown-linux-gnu)
	compiled by GNU C version 4.8.5 20150623 (Red Hat 4.8.5-44), GMP version 6.1.0, MPFR version 3.1.4, MPC version 1.0.3, isl version isl-0.18-GMP

GGC heuristics: --param ggc-min-expand=100 --param ggc-min-heapsize=131072
COLLECT_GCC_OPTIONS='-v' '-shared-libgcc'
 as -v -a64 -mppc64 -many -mlittle -o /tmp/ccQ0XXDL.o /tmp/ccNNDfxj.s
GNU assembler version 2.27 (ppc64le-redhat-linux) using BFD version version 2.27-44.base.el7
Reading specs from /projects/opt/ppc64le/p9/gcc/9.4.0/lib/gcc/powerpc64le-unknown-linux-gnu/9.4.0/../../../../lib64/libgfortran.spec
rename spec lib to liborig
COLLECT_GCC_OPTIONS='-v' '-shared-libgcc'
COMPILER_PATH=/projects/opt/ppc64le/p9/gcc/9.4.0/libexec/gcc/powerpc64le-unknown-linux-gnu/9.4.0/:/projects/opt/ppc64le/p9/gcc/9.4.0/libexec/gcc/powerpc64le-unknown-linux-gnu/9.4.0/:/projects/opt/ppc64le/p9/gcc/9.4.0/libexec/gcc/powerpc64le-unknown-linux-gnu/:/projects/opt/ppc64le/p9/gcc/9.4.0/lib/gcc/powerpc64le-unknown-linux-gnu/9.4.0/:/projects/opt/ppc64le/p9/gcc/9.4.0/lib/gcc/powerpc64le-unknown-linux-gnu/
LIBRARY_PATH=/projects/opt/ppc64le/p9/gcc/9.4.0/lib/gcc/powerpc64le-unknown-linux-gnu/9.4.0/:/projects/opt/ppc64le/p9/gcc/9.4.0/lib/gcc/powerpc64le-unknown-linux-gnu/9.4.0/../../../../lib64/:/lib/../lib64/:/usr/lib/../lib64/:/projects/opt/ppc64le/p9/gcc/9.4.0/lib/gcc/powerpc64le-unknown-linux-gnu/9.4.0/../../../:/lib/:/usr/lib/
COLLECT_GCC_OPTIONS='-v' '-shared-libgcc'
 /projects/opt/ppc64le/p9/gcc/9.4.0/libexec/gcc/powerpc64le-unknown-linux-gnu/9.4.0/collect2 -plugin /projects/opt/ppc64le/p9/gcc/9.4.0/libexec/gcc/powerpc64le-unknown-linux-gnu/9.4.0/liblto_plugin.so -plugin-opt=/projects/opt/ppc64le/p9/gcc/9.4.0/libexec/gcc/powerpc64le-unknown-linux-gnu/9.4.0/lto-wrapper -plugin-opt=-fresolution=/tmp/ccsEvRKd.res -plugin-opt=-pass-through=-lgcc_s -plugin-opt=-pass-through=-lgcc -plugin-opt=-pass-through=-lquadmath -plugin-opt=-pass-through=-lm -plugin-opt=-pass-through=-lgcc_s -plugin-opt=-pass-through=-lgcc -plugin-opt=-pass-through=-lc -plugin-opt=-pass-through=-lgcc_s -plugin-opt=-pass-through=-lgcc --eh-frame-hdr -V -m elf64lppc -dynamic-linker /lib64/ld64.so.2 /lib/../lib64/crt1.o /lib/../lib64/crti.o /projects/opt/ppc64le/p9/gcc/9.4.0/lib/gcc/powerpc64le-unknown-linux-gnu/9.4.0/crtbegin.o -L/projects/opt/ppc64le/p9/gcc/9.4.0/lib/gcc/powerpc64le-unknown-linux-gnu/9.4.0 -L/projects/opt/ppc64le/p9/gcc/9.4.0/lib/gcc/powerpc64le-unknown-linux-gnu/9.4.0/../../../../lib64 -L/lib/../lib64 -L/usr/lib/../lib64 -L/projects/opt/ppc64le/p9/gcc/9.4.0/lib/gcc/powerpc64le-unknown-linux-gnu/9.4.0/../../.. /tmp/ccQ0XXDL.o -lgfortran -lm -lgcc_s -lgcc -lquadmath -lm -lgcc_s -lgcc -lc -lgcc_s -lgcc /projects/opt/ppc64le/p9/gcc/9.4.0/lib/gcc/powerpc64le-unknown-linux-gnu/9.4.0/crtend.o /lib/../lib64/crtn.o
GNU ld version 2.27-44.base.el7
  Supported emulations:
   elf64lppc
   elf32ppc
   elf32ppclinux
   elf32ppcsim
   elf32lppc
   elf32lppclinux
   elf32lppcsim
   elf64ppc
COLLECT_GCC_OPTIONS='-v' '-shared-libgcc'


Compilation of the Fortran compiler identification source "CMakeFortranCompilerId.F" produced "a.out"

The Fortran compiler identification is GNU, found in "/vast/home/stevenw/WKE/CMakeFiles/3.19.2/CompilerIdFortran/a.out"

Detecting Fortran compiler ABI info compiled with the following output:
Change Dir: /vast/home/stevenw/WKE/CMakeFiles/CMakeTmp

Run Build Command(s):/usr/bin/gmake cmTC_395f0/fast && /usr/bin/gmake  -f CMakeFiles/cmTC_395f0.dir/build.make CMakeFiles/cmTC_395f0.dir/build
gmake[1]: Entering directory `/vast/home/stevenw/WKE/CMakeFiles/CMakeTmp'
Building Fortran object CMakeFiles/cmTC_395f0.dir/CMakeFortranCompilerABI.F.o
/projects/opt/ppc64le/p9/gcc/9.4.0/bin/gfortran   -v -c /projects/opt/rhel7/ppc64le/cmake/3.19.2/share/cmake-3.19/Modules/CMakeFortranCompilerABI.F -o CMakeFiles/cmTC_395f0.dir/CMakeFortranCompilerABI.F.o
Using built-in specs.
COLLECT_GCC=/projects/opt/ppc64le/p9/gcc/9.4.0/bin/gfortran
Target: powerpc64le-unknown-linux-gnu
Configured with: ../gcc-9.4.0/configure --disable-bootstrap --disable-multilib --enable-languages=c,c++,fortran,lto --prefix=/projects/opt/ppc64le/p9/gcc/9.4.0
Thread model: posix
gcc version 9.4.0 (GCC) 
COLLECT_GCC_OPTIONS='-v' '-c' '-o' 'CMakeFiles/cmTC_395f0.dir/CMakeFortranCompilerABI.F.o'
 /projects/opt/ppc64le/p9/gcc/9.4.0/libexec/gcc/powerpc64le-unknown-linux-gnu/9.4.0/f951 /projects/opt/rhel7/ppc64le/cmake/3.19.2/share/cmake-3.19/Modules/CMakeFortranCompilerABI.F -ffixed-form -cpp=/tmp/cczW4YJd.f90 -quiet -v /projects/opt/rhel7/ppc64le/cmake/3.19.2/share/cmake-3.19/Modules/CMakeFortranCompilerABI.F -quiet -dumpbase CMakeFortranCompilerABI.F -auxbase-strip CMakeFiles/cmTC_395f0.dir/CMakeFortranCompilerABI.F.o -version -fintrinsic-modules-path /projects/opt/ppc64le/p9/gcc/9.4.0/lib/gcc/powerpc64le-unknown-linux-gnu/9.4.0/finclude -o /tmp/ccxmmsZF.s
GNU Fortran (GCC) version 9.4.0 (powerpc64le-unknown-linux-gnu)
	compiled by GNU C version 4.8.5 20150623 (Red Hat 4.8.5-44), GMP version 6.1.0, MPFR version 3.1.4, MPC version 1.0.3, isl version isl-0.18-GMP

GGC heuristics: --param ggc-min-expand=100 --param ggc-min-heapsize=131072
ignoring nonexistent directory "/projects/opt/ppc64le/p9/gcc/9.4.0/lib/gcc/powerpc64le-unknown-linux-gnu/9.4.0/../../../../powerpc64le-unknown-linux-gnu/include"
#include "..." search starts here:
#include <...> search starts here:
 /projects/opt/ppc64le/p9/gcc/9.4.0/lib/gcc/powerpc64le-unknown-linux-gnu/9.4.0/finclude
 /projects/opt/ppc64le/p9/gcc/9.4.0/lib/gcc/powerpc64le-unknown-linux-gnu/9.4.0/include
 /usr/local/include
 /projects/opt/ppc64le/p9/gcc/9.4.0/include
 /projects/opt/ppc64le/p9/gcc/9.4.0/lib/gcc/powerpc64le-unknown-linux-gnu/9.4.0/include-fixed
 /usr/include
End of search list.
GNU Fortran2008 (GCC) version 9.4.0 (powerpc64le-unknown-linux-gnu)
	compiled by GNU C version 4.8.5 20150623 (Red Hat 4.8.5-44), GMP version 6.1.0, MPFR version 3.1.4, MPC version 1.0.3, isl version isl-0.18-GMP

GGC heuristics: --param ggc-min-expand=100 --param ggc-min-heapsize=131072
COLLECT_GCC_OPTIONS='-v' '-c' '-o' 'CMakeFiles/cmTC_395f0.dir/CMakeFortranCompilerABI.F.o'
 as -v -a64 -mppc64 -many -mlittle -o CMakeFiles/cmTC_395f0.dir/CMakeFortranCompilerABI.F.o /tmp/ccxmmsZF.s
GNU assembler version 2.27 (ppc64le-redhat-linux) using BFD version version 2.27-44.base.el7
COMPILER_PATH=/projects/opt/ppc64le/p9/gcc/9.4.0/libexec/gcc/powerpc64le-unknown-linux-gnu/9.4.0/:/projects/opt/ppc64le/p9/gcc/9.4.0/libexec/gcc/powerpc64le-unknown-linux-gnu/9.4.0/:/projects/opt/ppc64le/p9/gcc/9.4.0/libexec/gcc/powerpc64le-unknown-linux-gnu/:/projects/opt/ppc64le/p9/gcc/9.4.0/lib/gcc/powerpc64le-unknown-linux-gnu/9.4.0/:/projects/opt/ppc64le/p9/gcc/9.4.0/lib/gcc/powerpc64le-unknown-linux-gnu/
LIBRARY_PATH=/projects/opt/ppc64le/p9/gcc/9.4.0/lib/gcc/powerpc64le-unknown-linux-gnu/9.4.0/:/projects/opt/ppc64le/p9/gcc/9.4.0/lib/gcc/powerpc64le-unknown-linux-gnu/9.4.0/../../../../lib64/:/lib/../lib64/:/usr/lib/../lib64/:/projects/opt/ppc64le/p9/gcc/9.4.0/lib/gcc/powerpc64le-unknown-linux-gnu/9.4.0/../../../:/lib/:/usr/lib/
COLLECT_GCC_OPTIONS='-v' '-c' '-o' 'CMakeFiles/cmTC_395f0.dir/CMakeFortranCompilerABI.F.o'
Linking Fortran executable cmTC_395f0
/projects/opt/rhel7/ppc64le/cmake/3.19.2/bin/cmake -E cmake_link_script CMakeFiles/cmTC_395f0.dir/link.txt --verbose=1
/projects/opt/ppc64le/p9/gcc/9.4.0/bin/gfortran  -v CMakeFiles/cmTC_395f0.dir/CMakeFortranCompilerABI.F.o -o cmTC_395f0 
Driving: /projects/opt/ppc64le/p9/gcc/9.4.0/bin/gfortran -v CMakeFiles/cmTC_395f0.dir/CMakeFortranCompilerABI.F.o -o cmTC_395f0 -l gfortran -l m -shared-libgcc
Using built-in specs.
COLLECT_GCC=/projects/opt/ppc64le/p9/gcc/9.4.0/bin/gfortran
COLLECT_LTO_WRAPPER=/projects/opt/ppc64le/p9/gcc/9.4.0/libexec/gcc/powerpc64le-unknown-linux-gnu/9.4.0/lto-wrapper
Target: powerpc64le-unknown-linux-gnu
Configured with: ../gcc-9.4.0/configure --disable-bootstrap --disable-multilib --enable-languages=c,c++,fortran,lto --prefix=/projects/opt/ppc64le/p9/gcc/9.4.0
Thread model: posix
gcc version 9.4.0 (GCC) 
Reading specs from /projects/opt/ppc64le/p9/gcc/9.4.0/lib/gcc/powerpc64le-unknown-linux-gnu/9.4.0/../../../../lib64/libgfortran.spec
rename spec lib to liborig
COLLECT_GCC_OPTIONS='-v' '-o' 'cmTC_395f0' '-shared-libgcc'
COMPILER_PATH=/projects/opt/ppc64le/p9/gcc/9.4.0/libexec/gcc/powerpc64le-unknown-linux-gnu/9.4.0/:/projects/opt/ppc64le/p9/gcc/9.4.0/libexec/gcc/powerpc64le-unknown-linux-gnu/9.4.0/:/projects/opt/ppc64le/p9/gcc/9.4.0/libexec/gcc/powerpc64le-unknown-linux-gnu/:/projects/opt/ppc64le/p9/gcc/9.4.0/lib/gcc/powerpc64le-unknown-linux-gnu/9.4.0/:/projects/opt/ppc64le/p9/gcc/9.4.0/lib/gcc/powerpc64le-unknown-linux-gnu/
LIBRARY_PATH=/projects/opt/ppc64le/p9/gcc/9.4.0/lib/gcc/powerpc64le-unknown-linux-gnu/9.4.0/:/projects/opt/ppc64le/p9/gcc/9.4.0/lib/gcc/powerpc64le-unknown-linux-gnu/9.4.0/../../../../lib64/:/lib/../lib64/:/usr/lib/../lib64/:/projects/opt/ppc64le/p9/gcc/9.4.0/lib/gcc/powerpc64le-unknown-linux-gnu/9.4.0/../../../:/lib/:/usr/lib/
COLLECT_GCC_OPTIONS='-v' '-o' 'cmTC_395f0' '-shared-libgcc'
 /projects/opt/ppc64le/p9/gcc/9.4.0/libexec/gcc/powerpc64le-unknown-linux-gnu/9.4.0/collect2 -plugin /projects/opt/ppc64le/p9/gcc/9.4.0/libexec/gcc/powerpc64le-unknown-linux-gnu/9.4.0/liblto_plugin.so -plugin-opt=/projects/opt/ppc64le/p9/gcc/9.4.0/libexec/gcc/powerpc64le-unknown-linux-gnu/9.4.0/lto-wrapper -plugin-opt=-fresolution=/tmp/ccHRgarf.res -plugin-opt=-pass-through=-lgcc_s -plugin-opt=-pass-through=-lgcc -plugin-opt=-pass-through=-lquadmath -plugin-opt=-pass-through=-lm -plugin-opt=-pass-through=-lgcc_s -plugin-opt=-pass-through=-lgcc -plugin-opt=-pass-through=-lc -plugin-opt=-pass-through=-lgcc_s -plugin-opt=-pass-through=-lgcc --eh-frame-hdr -V -m elf64lppc -dynamic-linker /lib64/ld64.so.2 -o cmTC_395f0 /lib/../lib64/crt1.o /lib/../lib64/crti.o /projects/opt/ppc64le/p9/gcc/9.4.0/lib/gcc/powerpc64le-unknown-linux-gnu/9.4.0/crtbegin.o -L/projects/opt/ppc64le/p9/gcc/9.4.0/lib/gcc/powerpc64le-unknown-linux-gnu/9.4.0 -L/projects/opt/ppc64le/p9/gcc/9.4.0/lib/gcc/powerpc64le-unknown-linux-gnu/9.4.0/../../../../lib64 -L/lib/../lib64 -L/usr/lib/../lib64 -L/projects/opt/ppc64le/p9/gcc/9.4.0/lib/gcc/powerpc64le-unknown-linux-gnu/9.4.0/../../.. CMakeFiles/cmTC_395f0.dir/CMakeFortranCompilerABI.F.o -lgfortran -lm -lgcc_s -lgcc -lquadmath -lm -lgcc_s -lgcc -lc -lgcc_s -lgcc /projects/opt/ppc64le/p9/gcc/9.4.0/lib/gcc/powerpc64le-unknown-linux-gnu/9.4.0/crtend.o /lib/../lib64/crtn.o
GNU ld version 2.27-44.base.el7
  Supported emulations:
   elf64lppc
   elf32ppc
   elf32ppclinux
   elf32ppcsim
   elf32lppc
   elf32lppclinux
   elf32lppcsim
   elf64ppc
COLLECT_GCC_OPTIONS='-v' '-o' 'cmTC_395f0' '-shared-libgcc'
gmake[1]: Leaving directory `/vast/home/stevenw/WKE/CMakeFiles/CMakeTmp'



Parsed Fortran implicit include dir info from above output: rv=done
  found start of include info
  found start of implicit include info
    add: [/projects/opt/ppc64le/p9/gcc/9.4.0/lib/gcc/powerpc64le-unknown-linux-gnu/9.4.0/finclude]
    add: [/projects/opt/ppc64le/p9/gcc/9.4.0/lib/gcc/powerpc64le-unknown-linux-gnu/9.4.0/include]
    add: [/usr/local/include]
    add: [/projects/opt/ppc64le/p9/gcc/9.4.0/include]
    add: [/projects/opt/ppc64le/p9/gcc/9.4.0/lib/gcc/powerpc64le-unknown-linux-gnu/9.4.0/include-fixed]
    add: [/usr/include]
  end of search list found
  collapse include dir [/projects/opt/ppc64le/p9/gcc/9.4.0/lib/gcc/powerpc64le-unknown-linux-gnu/9.4.0/finclude] ==> [/projects/opt/ppc64le/p9/gcc/9.4.0/lib/gcc/powerpc64le-unknown-linux-gnu/9.4.0/finclude]
  collapse include dir [/projects/opt/ppc64le/p9/gcc/9.4.0/lib/gcc/powerpc64le-unknown-linux-gnu/9.4.0/include] ==> [/projects/opt/ppc64le/p9/gcc/9.4.0/lib/gcc/powerpc64le-unknown-linux-gnu/9.4.0/include]
  collapse include dir [/usr/local/include] ==> [/usr/local/include]
  collapse include dir [/projects/opt/ppc64le/p9/gcc/9.4.0/include] ==> [/projects/opt/ppc64le/p9/gcc/9.4.0/include]
  collapse include dir [/projects/opt/ppc64le/p9/gcc/9.4.0/lib/gcc/powerpc64le-unknown-linux-gnu/9.4.0/include-fixed] ==> [/projects/opt/ppc64le/p9/gcc/9.4.0/lib/gcc/powerpc64le-unknown-linux-gnu/9.4.0/include-fixed]
  collapse include dir [/usr/include] ==> [/usr/include]
  implicit include dirs: [/projects/opt/ppc64le/p9/gcc/9.4.0/lib/gcc/powerpc64le-unknown-linux-gnu/9.4.0/finclude;/projects/opt/ppc64le/p9/gcc/9.4.0/lib/gcc/powerpc64le-unknown-linux-gnu/9.4.0/include;/usr/local/include;/projects/opt/ppc64le/p9/gcc/9.4.0/include;/projects/opt/ppc64le/p9/gcc/9.4.0/lib/gcc/powerpc64le-unknown-linux-gnu/9.4.0/include-fixed;/usr/include]


Parsed Fortran implicit link information from above output:
  link line regex: [^( *|.*[/\])(ld|CMAKE_LINK_STARTFILE-NOTFOUND|([^/\]+-)?ld|collect2)[^/\]*( |$)]
  ignore line: [Change Dir: /vast/home/stevenw/WKE/CMakeFiles/CMakeTmp]
  ignore line: []
  ignore line: [Run Build Command(s):/usr/bin/gmake cmTC_395f0/fast && /usr/bin/gmake  -f CMakeFiles/cmTC_395f0.dir/build.make CMakeFiles/cmTC_395f0.dir/build]
  ignore line: [gmake[1]: Entering directory `/vast/home/stevenw/WKE/CMakeFiles/CMakeTmp']
  ignore line: [Building Fortran object CMakeFiles/cmTC_395f0.dir/CMakeFortranCompilerABI.F.o]
  ignore line: [/projects/opt/ppc64le/p9/gcc/9.4.0/bin/gfortran   -v -c /projects/opt/rhel7/ppc64le/cmake/3.19.2/share/cmake-3.19/Modules/CMakeFortranCompilerABI.F -o CMakeFiles/cmTC_395f0.dir/CMakeFortranCompilerABI.F.o]
  ignore line: [Using built-in specs.]
  ignore line: [COLLECT_GCC=/projects/opt/ppc64le/p9/gcc/9.4.0/bin/gfortran]
  ignore line: [Target: powerpc64le-unknown-linux-gnu]
  ignore line: [Configured with: ../gcc-9.4.0/configure --disable-bootstrap --disable-multilib --enable-languages=c c++ fortran lto --prefix=/projects/opt/ppc64le/p9/gcc/9.4.0]
  ignore line: [Thread model: posix]
  ignore line: [gcc version 9.4.0 (GCC) ]
  ignore line: [COLLECT_GCC_OPTIONS='-v' '-c' '-o' 'CMakeFiles/cmTC_395f0.dir/CMakeFortranCompilerABI.F.o']
  ignore line: [ /projects/opt/ppc64le/p9/gcc/9.4.0/libexec/gcc/powerpc64le-unknown-linux-gnu/9.4.0/f951 /projects/opt/rhel7/ppc64le/cmake/3.19.2/share/cmake-3.19/Modules/CMakeFortranCompilerABI.F -ffixed-form -cpp=/tmp/cczW4YJd.f90 -quiet -v /projects/opt/rhel7/ppc64le/cmake/3.19.2/share/cmake-3.19/Modules/CMakeFortranCompilerABI.F -quiet -dumpbase CMakeFortranCompilerABI.F -auxbase-strip CMakeFiles/cmTC_395f0.dir/CMakeFortranCompilerABI.F.o -version -fintrinsic-modules-path /projects/opt/ppc64le/p9/gcc/9.4.0/lib/gcc/powerpc64le-unknown-linux-gnu/9.4.0/finclude -o /tmp/ccxmmsZF.s]
  ignore line: [GNU Fortran (GCC) version 9.4.0 (powerpc64le-unknown-linux-gnu)]
  ignore line: [	compiled by GNU C version 4.8.5 20150623 (Red Hat 4.8.5-44)  GMP version 6.1.0  MPFR version 3.1.4  MPC version 1.0.3  isl version isl-0.18-GMP]
  ignore line: []
  ignore line: [GGC heuristics: --param ggc-min-expand=100 --param ggc-min-heapsize=131072]
  ignore line: [ignoring nonexistent directory "/projects/opt/ppc64le/p9/gcc/9.4.0/lib/gcc/powerpc64le-unknown-linux-gnu/9.4.0/../../../../powerpc64le-unknown-linux-gnu/include"]
  ignore line: [#include "..." search starts here:]
  ignore line: [#include <...> search starts here:]
  ignore line: [ /projects/opt/ppc64le/p9/gcc/9.4.0/lib/gcc/powerpc64le-unknown-linux-gnu/9.4.0/finclude]
  ignore line: [ /projects/opt/ppc64le/p9/gcc/9.4.0/lib/gcc/powerpc64le-unknown-linux-gnu/9.4.0/include]
  ignore line: [ /usr/local/include]
  ignore line: [ /projects/opt/ppc64le/p9/gcc/9.4.0/include]
  ignore line: [ /projects/opt/ppc64le/p9/gcc/9.4.0/lib/gcc/powerpc64le-unknown-linux-gnu/9.4.0/include-fixed]
  ignore line: [ /usr/include]
  ignore line: [End of search list.]
  ignore line: [GNU Fortran2008 (GCC) version 9.4.0 (powerpc64le-unknown-linux-gnu)]
  ignore line: [	compiled by GNU C version 4.8.5 20150623 (Red Hat 4.8.5-44)  GMP version 6.1.0  MPFR version 3.1.4  MPC version 1.0.3  isl version isl-0.18-GMP]
  ignore line: []
  ignore line: [GGC heuristics: --param ggc-min-expand=100 --param ggc-min-heapsize=131072]
  ignore line: [COLLECT_GCC_OPTIONS='-v' '-c' '-o' 'CMakeFiles/cmTC_395f0.dir/CMakeFortranCompilerABI.F.o']
  ignore line: [ as -v -a64 -mppc64 -many -mlittle -o CMakeFiles/cmTC_395f0.dir/CMakeFortranCompilerABI.F.o /tmp/ccxmmsZF.s]
  ignore line: [GNU assembler version 2.27 (ppc64le-redhat-linux) using BFD version version 2.27-44.base.el7]
  ignore line: [COMPILER_PATH=/projects/opt/ppc64le/p9/gcc/9.4.0/libexec/gcc/powerpc64le-unknown-linux-gnu/9.4.0/:/projects/opt/ppc64le/p9/gcc/9.4.0/libexec/gcc/powerpc64le-unknown-linux-gnu/9.4.0/:/projects/opt/ppc64le/p9/gcc/9.4.0/libexec/gcc/powerpc64le-unknown-linux-gnu/:/projects/opt/ppc64le/p9/gcc/9.4.0/lib/gcc/powerpc64le-unknown-linux-gnu/9.4.0/:/projects/opt/ppc64le/p9/gcc/9.4.0/lib/gcc/powerpc64le-unknown-linux-gnu/]
  ignore line: [LIBRARY_PATH=/projects/opt/ppc64le/p9/gcc/9.4.0/lib/gcc/powerpc64le-unknown-linux-gnu/9.4.0/:/projects/opt/ppc64le/p9/gcc/9.4.0/lib/gcc/powerpc64le-unknown-linux-gnu/9.4.0/../../../../lib64/:/lib/../lib64/:/usr/lib/../lib64/:/projects/opt/ppc64le/p9/gcc/9.4.0/lib/gcc/powerpc64le-unknown-linux-gnu/9.4.0/../../../:/lib/:/usr/lib/]
  ignore line: [COLLECT_GCC_OPTIONS='-v' '-c' '-o' 'CMakeFiles/cmTC_395f0.dir/CMakeFortranCompilerABI.F.o']
  ignore line: [Linking Fortran executable cmTC_395f0]
  ignore line: [/projects/opt/rhel7/ppc64le/cmake/3.19.2/bin/cmake -E cmake_link_script CMakeFiles/cmTC_395f0.dir/link.txt --verbose=1]
  ignore line: [/projects/opt/ppc64le/p9/gcc/9.4.0/bin/gfortran  -v CMakeFiles/cmTC_395f0.dir/CMakeFortranCompilerABI.F.o -o cmTC_395f0 ]
  ignore line: [Driving: /projects/opt/ppc64le/p9/gcc/9.4.0/bin/gfortran -v CMakeFiles/cmTC_395f0.dir/CMakeFortranCompilerABI.F.o -o cmTC_395f0 -l gfortran -l m -shared-libgcc]
  ignore line: [Using built-in specs.]
  ignore line: [COLLECT_GCC=/projects/opt/ppc64le/p9/gcc/9.4.0/bin/gfortran]
  ignore line: [COLLECT_LTO_WRAPPER=/projects/opt/ppc64le/p9/gcc/9.4.0/libexec/gcc/powerpc64le-unknown-linux-gnu/9.4.0/lto-wrapper]
  ignore line: [Target: powerpc64le-unknown-linux-gnu]
  ignore line: [Configured with: ../gcc-9.4.0/configure --disable-bootstrap --disable-multilib --enable-languages=c c++ fortran lto --prefix=/projects/opt/ppc64le/p9/gcc/9.4.0]
  ignore line: [Thread model: posix]
  ignore line: [gcc version 9.4.0 (GCC) ]
  ignore line: [Reading specs from /projects/opt/ppc64le/p9/gcc/9.4.0/lib/gcc/powerpc64le-unknown-linux-gnu/9.4.0/../../../../lib64/libgfortran.spec]
  ignore line: [rename spec lib to liborig]
  ignore line: [COLLECT_GCC_OPTIONS='-v' '-o' 'cmTC_395f0' '-shared-libgcc']
  ignore line: [COMPILER_PATH=/projects/opt/ppc64le/p9/gcc/9.4.0/libexec/gcc/powerpc64le-unknown-linux-gnu/9.4.0/:/projects/opt/ppc64le/p9/gcc/9.4.0/libexec/gcc/powerpc64le-unknown-linux-gnu/9.4.0/:/projects/opt/ppc64le/p9/gcc/9.4.0/libexec/gcc/powerpc64le-unknown-linux-gnu/:/projects/opt/ppc64le/p9/gcc/9.4.0/lib/gcc/powerpc64le-unknown-linux-gnu/9.4.0/:/projects/opt/ppc64le/p9/gcc/9.4.0/lib/gcc/powerpc64le-unknown-linux-gnu/]
  ignore line: [LIBRARY_PATH=/projects/opt/ppc64le/p9/gcc/9.4.0/lib/gcc/powerpc64le-unknown-linux-gnu/9.4.0/:/projects/opt/ppc64le/p9/gcc/9.4.0/lib/gcc/powerpc64le-unknown-linux-gnu/9.4.0/../../../../lib64/:/lib/../lib64/:/usr/lib/../lib64/:/projects/opt/ppc64le/p9/gcc/9.4.0/lib/gcc/powerpc64le-unknown-linux-gnu/9.4.0/../../../:/lib/:/usr/lib/]
  ignore line: [COLLECT_GCC_OPTIONS='-v' '-o' 'cmTC_395f0' '-shared-libgcc']
  link line: [ /projects/opt/ppc64le/p9/gcc/9.4.0/libexec/gcc/powerpc64le-unknown-linux-gnu/9.4.0/collect2 -plugin /projects/opt/ppc64le/p9/gcc/9.4.0/libexec/gcc/powerpc64le-unknown-linux-gnu/9.4.0/liblto_plugin.so -plugin-opt=/projects/opt/ppc64le/p9/gcc/9.4.0/libexec/gcc/powerpc64le-unknown-linux-gnu/9.4.0/lto-wrapper -plugin-opt=-fresolution=/tmp/ccHRgarf.res -plugin-opt=-pass-through=-lgcc_s -plugin-opt=-pass-through=-lgcc -plugin-opt=-pass-through=-lquadmath -plugin-opt=-pass-through=-lm -plugin-opt=-pass-through=-lgcc_s -plugin-opt=-pass-through=-lgcc -plugin-opt=-pass-through=-lc -plugin-opt=-pass-through=-lgcc_s -plugin-opt=-pass-through=-lgcc --eh-frame-hdr -V -m elf64lppc -dynamic-linker /lib64/ld64.so.2 -o cmTC_395f0 /lib/../lib64/crt1.o /lib/../lib64/crti.o /projects/opt/ppc64le/p9/gcc/9.4.0/lib/gcc/powerpc64le-unknown-linux-gnu/9.4.0/crtbegin.o -L/projects/opt/ppc64le/p9/gcc/9.4.0/lib/gcc/powerpc64le-unknown-linux-gnu/9.4.0 -L/projects/opt/ppc64le/p9/gcc/9.4.0/lib/gcc/powerpc64le-unknown-linux-gnu/9.4.0/../../../../lib64 -L/lib/../lib64 -L/usr/lib/../lib64 -L/projects/opt/ppc64le/p9/gcc/9.4.0/lib/gcc/powerpc64le-unknown-linux-gnu/9.4.0/../../.. CMakeFiles/cmTC_395f0.dir/CMakeFortranCompilerABI.F.o -lgfortran -lm -lgcc_s -lgcc -lquadmath -lm -lgcc_s -lgcc -lc -lgcc_s -lgcc /projects/opt/ppc64le/p9/gcc/9.4.0/lib/gcc/powerpc64le-unknown-linux-gnu/9.4.0/crtend.o /lib/../lib64/crtn.o]
    arg [/projects/opt/ppc64le/p9/gcc/9.4.0/libexec/gcc/powerpc64le-unknown-linux-gnu/9.4.0/collect2] ==> ignore
    arg [-plugin] ==> ignore
    arg [/projects/opt/ppc64le/p9/gcc/9.4.0/libexec/gcc/powerpc64le-unknown-linux-gnu/9.4.0/liblto_plugin.so] ==> ignore
    arg [-plugin-opt=/projects/opt/ppc64le/p9/gcc/9.4.0/libexec/gcc/powerpc64le-unknown-linux-gnu/9.4.0/lto-wrapper] ==> ignore
    arg [-plugin-opt=-fresolution=/tmp/ccHRgarf.res] ==> ignore
    arg [-plugin-opt=-pass-through=-lgcc_s] ==> ignore
    arg [-plugin-opt=-pass-through=-lgcc] ==> ignore
    arg [-plugin-opt=-pass-through=-lquadmath] ==> ignore
    arg [-plugin-opt=-pass-through=-lm] ==> ignore
    arg [-plugin-opt=-pass-through=-lgcc_s] ==> ignore
    arg [-plugin-opt=-pass-through=-lgcc] ==> ignore
    arg [-plugin-opt=-pass-through=-lc] ==> ignore
    arg [-plugin-opt=-pass-through=-lgcc_s] ==> ignore
    arg [-plugin-opt=-pass-through=-lgcc] ==> ignore
    arg [--eh-frame-hdr] ==> ignore
    arg [-V] ==> ignore
    arg [-m] ==> ignore
    arg [elf64lppc] ==> ignore
    arg [-dynamic-linker] ==> ignore
    arg [/lib64/ld64.so.2] ==> ignore
    arg [-o] ==> ignore
    arg [cmTC_395f0] ==> ignore
    arg [/lib/../lib64/crt1.o] ==> ignore
    arg [/lib/../lib64/crti.o] ==> ignore
    arg [/projects/opt/ppc64le/p9/gcc/9.4.0/lib/gcc/powerpc64le-unknown-linux-gnu/9.4.0/crtbegin.o] ==> ignore
    arg [-L/projects/opt/ppc64le/p9/gcc/9.4.0/lib/gcc/powerpc64le-unknown-linux-gnu/9.4.0] ==> dir [/projects/opt/ppc64le/p9/gcc/9.4.0/lib/gcc/powerpc64le-unknown-linux-gnu/9.4.0]
    arg [-L/projects/opt/ppc64le/p9/gcc/9.4.0/lib/gcc/powerpc64le-unknown-linux-gnu/9.4.0/../../../../lib64] ==> dir [/projects/opt/ppc64le/p9/gcc/9.4.0/lib/gcc/powerpc64le-unknown-linux-gnu/9.4.0/../../../../lib64]
    arg [-L/lib/../lib64] ==> dir [/lib/../lib64]
    arg [-L/usr/lib/../lib64] ==> dir [/usr/lib/../lib64]
    arg [-L/projects/opt/ppc64le/p9/gcc/9.4.0/lib/gcc/powerpc64le-unknown-linux-gnu/9.4.0/../../..] ==> dir [/projects/opt/ppc64le/p9/gcc/9.4.0/lib/gcc/powerpc64le-unknown-linux-gnu/9.4.0/../../..]
    arg [CMakeFiles/cmTC_395f0.dir/CMakeFortranCompilerABI.F.o] ==> ignore
    arg [-lgfortran] ==> lib [gfortran]
    arg [-lm] ==> lib [m]
    arg [-lgcc_s] ==> lib [gcc_s]
    arg [-lgcc] ==> lib [gcc]
    arg [-lquadmath] ==> lib [quadmath]
    arg [-lm] ==> lib [m]
    arg [-lgcc_s] ==> lib [gcc_s]
    arg [-lgcc] ==> lib [gcc]
    arg [-lc] ==> lib [c]
    arg [-lgcc_s] ==> lib [gcc_s]
    arg [-lgcc] ==> lib [gcc]
    arg [/projects/opt/ppc64le/p9/gcc/9.4.0/lib/gcc/powerpc64le-unknown-linux-gnu/9.4.0/crtend.o] ==> ignore
    arg [/lib/../lib64/crtn.o] ==> ignore
  collapse library dir [/projects/opt/ppc64le/p9/gcc/9.4.0/lib/gcc/powerpc64le-unknown-linux-gnu/9.4.0] ==> [/projects/opt/ppc64le/p9/gcc/9.4.0/lib/gcc/powerpc64le-unknown-linux-gnu/9.4.0]
  collapse library dir [/projects/opt/ppc64le/p9/gcc/9.4.0/lib/gcc/powerpc64le-unknown-linux-gnu/9.4.0/../../../../lib64] ==> [/projects/opt/ppc64le/p9/gcc/9.4.0/lib64]
  collapse library dir [/lib/../lib64] ==> [/lib64]
  collapse library dir [/usr/lib/../lib64] ==> [/usr/lib64]
  collapse library dir [/projects/opt/ppc64le/p9/gcc/9.4.0/lib/gcc/powerpc64le-unknown-linux-gnu/9.4.0/../../..] ==> [/projects/opt/ppc64le/p9/gcc/9.4.0/lib]
  implicit libs: [gfortran;m;gcc_s;gcc;quadmath;m;gcc_s;gcc;c;gcc_s;gcc]
  implicit dirs: [/projects/opt/ppc64le/p9/gcc/9.4.0/lib/gcc/powerpc64le-unknown-linux-gnu/9.4.0;/projects/opt/ppc64le/p9/gcc/9.4.0/lib64;/lib64;/usr/lib64;/projects/opt/ppc64le/p9/gcc/9.4.0/lib]
  implicit fwks: []


Determining if the Fortran compiler supports Fortran 90 passed with the following output:
Change Dir: /vast/home/stevenw/WKE/CMakeFiles/CMakeTmp

Run Build Command(s):/usr/bin/gmake cmTC_f44a4/fast && /usr/bin/gmake  -f CMakeFiles/cmTC_f44a4.dir/build.make CMakeFiles/cmTC_f44a4.dir/build
gmake[1]: Entering directory `/vast/home/stevenw/WKE/CMakeFiles/CMakeTmp'
Building Fortran object CMakeFiles/cmTC_f44a4.dir/testFortranCompilerF90.f90.o
/projects/opt/ppc64le/p9/gcc/9.4.0/bin/gfortran    -c /vast/home/stevenw/WKE/CMakeFiles/CMakeTmp/testFortranCompilerF90.f90 -o CMakeFiles/cmTC_f44a4.dir/testFortranCompilerF90.f90.o
Linking Fortran executable cmTC_f44a4
/projects/opt/rhel7/ppc64le/cmake/3.19.2/bin/cmake -E cmake_link_script CMakeFiles/cmTC_f44a4.dir/link.txt --verbose=1
/projects/opt/ppc64le/p9/gcc/9.4.0/bin/gfortran CMakeFiles/cmTC_f44a4.dir/testFortranCompilerF90.f90.o -o cmTC_f44a4 
gmake[1]: Leaving directory `/vast/home/stevenw/WKE/CMakeFiles/CMakeTmp'



